This is pdfTeX, Version 3.141592653-2.6-1.40.22 (TeX Live 2022/dev/Debian) (preloaded format=pdflatex 2024.4.8)  15 JUN 2024 09:03
entering extended mode
 \write18 enabled.
 %&-line parsing enabled.
**v3.tex
(./v3.tex
LaTeX2e <2021-11-15> patch level 1
L3 programming layer <2022-01-21> (./preamble.tex
(/usr/share/texlive/texmf-dist/tex/latex/beamer/beamer.cls
Document Class: beamer 2022/01/21 v3.65 A class for typesetting presentations
(/usr/share/texlive/texmf-dist/tex/latex/beamer/beamerbasemodes.sty
(/usr/share/texlive/texmf-dist/tex/latex/etoolbox/etoolbox.sty
Package: etoolbox 2020/10/05 v2.5k e-TeX tools for LaTeX (JAW)
\etb@tempcnta=\count185
)
\beamer@tempbox=\box50
\beamer@tempcount=\count186
\c@beamerpauses=\count187

(/usr/share/texlive/texmf-dist/tex/latex/beamer/beamerbasedecode.sty
\beamer@slideinframe=\count188
\beamer@minimum=\count189
\beamer@decode@box=\box51
)
\beamer@commentbox=\box52
\beamer@modecount=\count190
)
(/usr/share/texlive/texmf-dist/tex/generic/iftex/ifpdf.sty
Package: ifpdf 2019/10/25 v3.4 ifpdf legacy package. Use iftex instead.

(/usr/share/texlive/texmf-dist/tex/generic/iftex/iftex.sty
Package: iftex 2020/03/06 v1.0d TeX engine tests
))
\headdp=\dimen138
\footheight=\dimen139
\sidebarheight=\dimen140
\beamer@tempdim=\dimen141
\beamer@finalheight=\dimen142
\beamer@animht=\dimen143
\beamer@animdp=\dimen144
\beamer@animwd=\dimen145
\beamer@leftmargin=\dimen146
\beamer@rightmargin=\dimen147
\beamer@leftsidebar=\dimen148
\beamer@rightsidebar=\dimen149
\beamer@boxsize=\dimen150
\beamer@vboxoffset=\dimen151
\beamer@descdefault=\dimen152
\beamer@descriptionwidth=\dimen153
\beamer@lastskip=\skip47
\beamer@areabox=\box53
\beamer@animcurrent=\box54
\beamer@animshowbox=\box55
\beamer@sectionbox=\box56
\beamer@logobox=\box57
\beamer@linebox=\box58
\beamer@sectioncount=\count191
\beamer@subsubsectionmax=\count192
\beamer@subsectionmax=\count193
\beamer@sectionmax=\count194
\beamer@totalheads=\count195
\beamer@headcounter=\count196
\beamer@partstartpage=\count197
\beamer@sectionstartpage=\count198
\beamer@subsectionstartpage=\count199
\beamer@animationtempa=\count266
\beamer@animationtempb=\count267
\beamer@xpos=\count268
\beamer@ypos=\count269
\beamer@ypos@offset=\count270
\beamer@showpartnumber=\count271
\beamer@currentsubsection=\count272
\beamer@coveringdepth=\count273
\beamer@sectionadjust=\count274
\beamer@toclastsection=\count275
\beamer@tocsectionnumber=\count276

(/usr/share/texlive/texmf-dist/tex/latex/beamer/beamerbaseoptions.sty
(/usr/share/texlive/texmf-dist/tex/latex/graphics/keyval.sty
Package: keyval 2014/10/28 v1.15 key=value parser (DPC)
\KV@toks@=\toks16
))
\beamer@paperwidth=\skip48
\beamer@paperheight=\skip49

(/usr/share/texlive/texmf-dist/tex/latex/geometry/geometry.sty
Package: geometry 2020/01/02 v5.9 Page Geometry

(/usr/share/texlive/texmf-dist/tex/generic/iftex/ifvtex.sty
Package: ifvtex 2019/10/25 v1.7 ifvtex legacy package. Use iftex instead.
)
\Gm@cnth=\count277
\Gm@cntv=\count278
\c@Gm@tempcnt=\count279
\Gm@bindingoffset=\dimen154
\Gm@wd@mp=\dimen155
\Gm@odd@mp=\dimen156
\Gm@even@mp=\dimen157
\Gm@layoutwidth=\dimen158
\Gm@layoutheight=\dimen159
\Gm@layouthoffset=\dimen160
\Gm@layoutvoffset=\dimen161
\Gm@dimlist=\toks17
)
(/usr/share/texlive/texmf-dist/tex/latex/pgf/basiclayer/pgfcore.sty
(/usr/share/texlive/texmf-dist/tex/latex/graphics/graphicx.sty
Package: graphicx 2021/09/16 v1.2d Enhanced LaTeX Graphics (DPC,SPQR)

(/usr/share/texlive/texmf-dist/tex/latex/graphics/graphics.sty
Package: graphics 2021/03/04 v1.4d Standard LaTeX Graphics (DPC,SPQR)

(/usr/share/texlive/texmf-dist/tex/latex/graphics/trig.sty
Package: trig 2021/08/11 v1.11 sin cos tan (DPC)
)
(/usr/share/texlive/texmf-dist/tex/latex/graphics-cfg/graphics.cfg
File: graphics.cfg 2016/06/04 v1.11 sample graphics configuration
)
Package graphics Info: Driver file: pdftex.def on input line 107.

(/usr/share/texlive/texmf-dist/tex/latex/graphics-def/pdftex.def
File: pdftex.def 2020/10/05 v1.2a Graphics/color driver for pdftex
))
\Gin@req@height=\dimen162
\Gin@req@width=\dimen163
)
(/usr/share/texlive/texmf-dist/tex/latex/pgf/systemlayer/pgfsys.sty
(/usr/share/texlive/texmf-dist/tex/latex/pgf/utilities/pgfrcs.sty
(/usr/share/texlive/texmf-dist/tex/generic/pgf/utilities/pgfutil-common.tex
\pgfutil@everybye=\toks18
\pgfutil@tempdima=\dimen164
\pgfutil@tempdimb=\dimen165

(/usr/share/texlive/texmf-dist/tex/generic/pgf/utilities/pgfutil-common-lists.t
ex)) (/usr/share/texlive/texmf-dist/tex/generic/pgf/utilities/pgfutil-latex.def
\pgfutil@abb=\box59
) (/usr/share/texlive/texmf-dist/tex/generic/pgf/utilities/pgfrcs.code.tex
(/usr/share/texlive/texmf-dist/tex/generic/pgf/pgf.revision.tex)
Package: pgfrcs 2021/05/15 v3.1.9a (3.1.9a)
))
(/usr/share/texlive/texmf-dist/tex/generic/pgf/systemlayer/pgfsys.code.tex
Package: pgfsys 2021/05/15 v3.1.9a (3.1.9a)

(/usr/share/texlive/texmf-dist/tex/generic/pgf/utilities/pgfkeys.code.tex
\pgfkeys@pathtoks=\toks19
\pgfkeys@temptoks=\toks20

(/usr/share/texlive/texmf-dist/tex/generic/pgf/utilities/pgfkeysfiltered.code.t
ex
\pgfkeys@tmptoks=\toks21
))
\pgf@x=\dimen166
\pgf@y=\dimen167
\pgf@xa=\dimen168
\pgf@ya=\dimen169
\pgf@xb=\dimen170
\pgf@yb=\dimen171
\pgf@xc=\dimen172
\pgf@yc=\dimen173
\pgf@xd=\dimen174
\pgf@yd=\dimen175
\w@pgf@writea=\write3
\r@pgf@reada=\read2
\c@pgf@counta=\count280
\c@pgf@countb=\count281
\c@pgf@countc=\count282
\c@pgf@countd=\count283
\t@pgf@toka=\toks22
\t@pgf@tokb=\toks23
\t@pgf@tokc=\toks24
\pgf@sys@id@count=\count284
 (/usr/share/texlive/texmf-dist/tex/generic/pgf/systemlayer/pgf.cfg
File: pgf.cfg 2021/05/15 v3.1.9a (3.1.9a)
)
Driver file for pgf: pgfsys-pdftex.def

(/usr/share/texlive/texmf-dist/tex/generic/pgf/systemlayer/pgfsys-pdftex.def
File: pgfsys-pdftex.def 2021/05/15 v3.1.9a (3.1.9a)

(/usr/share/texlive/texmf-dist/tex/generic/pgf/systemlayer/pgfsys-common-pdf.de
f
File: pgfsys-common-pdf.def 2021/05/15 v3.1.9a (3.1.9a)
)))
(/usr/share/texlive/texmf-dist/tex/generic/pgf/systemlayer/pgfsyssoftpath.code.
tex
File: pgfsyssoftpath.code.tex 2021/05/15 v3.1.9a (3.1.9a)
\pgfsyssoftpath@smallbuffer@items=\count285
\pgfsyssoftpath@bigbuffer@items=\count286
)
(/usr/share/texlive/texmf-dist/tex/generic/pgf/systemlayer/pgfsysprotocol.code.
tex
File: pgfsysprotocol.code.tex 2021/05/15 v3.1.9a (3.1.9a)
)) (/usr/share/texlive/texmf-dist/tex/latex/xcolor/xcolor.sty
Package: xcolor 2021/10/31 v2.13 LaTeX color extensions (UK)

(/usr/share/texlive/texmf-dist/tex/latex/graphics-cfg/color.cfg
File: color.cfg 2016/01/02 v1.6 sample color configuration
)
Package xcolor Info: Driver file: pdftex.def on input line 227.
Package xcolor Info: Model `cmy' substituted by `cmy0' on input line 1352.
Package xcolor Info: Model `hsb' substituted by `rgb' on input line 1356.
Package xcolor Info: Model `RGB' extended on input line 1368.
Package xcolor Info: Model `HTML' substituted by `rgb' on input line 1370.
Package xcolor Info: Model `Hsb' substituted by `hsb' on input line 1371.
Package xcolor Info: Model `tHsb' substituted by `hsb' on input line 1372.
Package xcolor Info: Model `HSB' substituted by `hsb' on input line 1373.
Package xcolor Info: Model `Gray' substituted by `gray' on input line 1374.
Package xcolor Info: Model `wave' substituted by `hsb' on input line 1375.
)
(/usr/share/texlive/texmf-dist/tex/generic/pgf/basiclayer/pgfcore.code.tex
Package: pgfcore 2021/05/15 v3.1.9a (3.1.9a)

(/usr/share/texlive/texmf-dist/tex/generic/pgf/math/pgfmath.code.tex
(/usr/share/texlive/texmf-dist/tex/generic/pgf/math/pgfmathcalc.code.tex
(/usr/share/texlive/texmf-dist/tex/generic/pgf/math/pgfmathutil.code.tex)
(/usr/share/texlive/texmf-dist/tex/generic/pgf/math/pgfmathparser.code.tex
\pgfmath@dimen=\dimen176
\pgfmath@count=\count287
\pgfmath@box=\box60
\pgfmath@toks=\toks25
\pgfmath@stack@operand=\toks26
\pgfmath@stack@operation=\toks27
)
(/usr/share/texlive/texmf-dist/tex/generic/pgf/math/pgfmathfunctions.code.tex
(/usr/share/texlive/texmf-dist/tex/generic/pgf/math/pgfmathfunctions.basic.code
.tex)
(/usr/share/texlive/texmf-dist/tex/generic/pgf/math/pgfmathfunctions.trigonomet
ric.code.tex)
(/usr/share/texlive/texmf-dist/tex/generic/pgf/math/pgfmathfunctions.random.cod
e.tex)
(/usr/share/texlive/texmf-dist/tex/generic/pgf/math/pgfmathfunctions.comparison
.code.tex)
(/usr/share/texlive/texmf-dist/tex/generic/pgf/math/pgfmathfunctions.base.code.
tex)
(/usr/share/texlive/texmf-dist/tex/generic/pgf/math/pgfmathfunctions.round.code
.tex)
(/usr/share/texlive/texmf-dist/tex/generic/pgf/math/pgfmathfunctions.misc.code.
tex)
(/usr/share/texlive/texmf-dist/tex/generic/pgf/math/pgfmathfunctions.integerari
thmetics.code.tex)))
(/usr/share/texlive/texmf-dist/tex/generic/pgf/math/pgfmathfloat.code.tex
\c@pgfmathroundto@lastzeros=\count288
))
(/usr/share/texlive/texmf-dist/tex/generic/pgf/math/pgfint.code.tex)
(/usr/share/texlive/texmf-dist/tex/generic/pgf/basiclayer/pgfcorepoints.code.te
x
File: pgfcorepoints.code.tex 2021/05/15 v3.1.9a (3.1.9a)
\pgf@picminx=\dimen177
\pgf@picmaxx=\dimen178
\pgf@picminy=\dimen179
\pgf@picmaxy=\dimen180
\pgf@pathminx=\dimen181
\pgf@pathmaxx=\dimen182
\pgf@pathminy=\dimen183
\pgf@pathmaxy=\dimen184
\pgf@xx=\dimen185
\pgf@xy=\dimen186
\pgf@yx=\dimen187
\pgf@yy=\dimen188
\pgf@zx=\dimen189
\pgf@zy=\dimen190
)
(/usr/share/texlive/texmf-dist/tex/generic/pgf/basiclayer/pgfcorepathconstruct.
code.tex
File: pgfcorepathconstruct.code.tex 2021/05/15 v3.1.9a (3.1.9a)
\pgf@path@lastx=\dimen191
\pgf@path@lasty=\dimen192
)
(/usr/share/texlive/texmf-dist/tex/generic/pgf/basiclayer/pgfcorepathusage.code
.tex
File: pgfcorepathusage.code.tex 2021/05/15 v3.1.9a (3.1.9a)
\pgf@shorten@end@additional=\dimen193
\pgf@shorten@start@additional=\dimen194
)
(/usr/share/texlive/texmf-dist/tex/generic/pgf/basiclayer/pgfcorescopes.code.te
x
File: pgfcorescopes.code.tex 2021/05/15 v3.1.9a (3.1.9a)
\pgfpic=\box61
\pgf@hbox=\box62
\pgf@layerbox@main=\box63
\pgf@picture@serial@count=\count289
)
(/usr/share/texlive/texmf-dist/tex/generic/pgf/basiclayer/pgfcoregraphicstate.c
ode.tex
File: pgfcoregraphicstate.code.tex 2021/05/15 v3.1.9a (3.1.9a)
\pgflinewidth=\dimen195
)
(/usr/share/texlive/texmf-dist/tex/generic/pgf/basiclayer/pgfcoretransformation
s.code.tex
File: pgfcoretransformations.code.tex 2021/05/15 v3.1.9a (3.1.9a)
\pgf@pt@x=\dimen196
\pgf@pt@y=\dimen197
\pgf@pt@temp=\dimen198
)
(/usr/share/texlive/texmf-dist/tex/generic/pgf/basiclayer/pgfcorequick.code.tex
File: pgfcorequick.code.tex 2021/05/15 v3.1.9a (3.1.9a)
)
(/usr/share/texlive/texmf-dist/tex/generic/pgf/basiclayer/pgfcoreobjects.code.t
ex
File: pgfcoreobjects.code.tex 2021/05/15 v3.1.9a (3.1.9a)
)
(/usr/share/texlive/texmf-dist/tex/generic/pgf/basiclayer/pgfcorepathprocessing
.code.tex
File: pgfcorepathprocessing.code.tex 2021/05/15 v3.1.9a (3.1.9a)
)
(/usr/share/texlive/texmf-dist/tex/generic/pgf/basiclayer/pgfcorearrows.code.te
x
File: pgfcorearrows.code.tex 2021/05/15 v3.1.9a (3.1.9a)
\pgfarrowsep=\dimen199
)
(/usr/share/texlive/texmf-dist/tex/generic/pgf/basiclayer/pgfcoreshade.code.tex
File: pgfcoreshade.code.tex 2021/05/15 v3.1.9a (3.1.9a)
\pgf@max=\dimen256
\pgf@sys@shading@range@num=\count290
\pgf@shadingcount=\count291
)
(/usr/share/texlive/texmf-dist/tex/generic/pgf/basiclayer/pgfcoreimage.code.tex
File: pgfcoreimage.code.tex 2021/05/15 v3.1.9a (3.1.9a)

(/usr/share/texlive/texmf-dist/tex/generic/pgf/basiclayer/pgfcoreexternal.code.
tex
File: pgfcoreexternal.code.tex 2021/05/15 v3.1.9a (3.1.9a)
\pgfexternal@startupbox=\box64
))
(/usr/share/texlive/texmf-dist/tex/generic/pgf/basiclayer/pgfcorelayers.code.te
x
File: pgfcorelayers.code.tex 2021/05/15 v3.1.9a (3.1.9a)
)
(/usr/share/texlive/texmf-dist/tex/generic/pgf/basiclayer/pgfcoretransparency.c
ode.tex
File: pgfcoretransparency.code.tex 2021/05/15 v3.1.9a (3.1.9a)
)
(/usr/share/texlive/texmf-dist/tex/generic/pgf/basiclayer/pgfcorepatterns.code.
tex
File: pgfcorepatterns.code.tex 2021/05/15 v3.1.9a (3.1.9a)
)
(/usr/share/texlive/texmf-dist/tex/generic/pgf/basiclayer/pgfcorerdf.code.tex
File: pgfcorerdf.code.tex 2021/05/15 v3.1.9a (3.1.9a)
))) (/usr/share/texlive/texmf-dist/tex/latex/base/size10.clo
File: size10.clo 2021/10/04 v1.4n Standard LaTeX file (size option)
)
(/usr/share/texlive/texmf-dist/tex/latex/pgf/utilities/xxcolor.sty
Package: xxcolor 2003/10/24 ver 0.1
\XC@nummixins=\count292
\XC@countmixins=\count293
)
(/usr/share/texlive/texmf-dist/tex/latex/base/atbegshi-ltx.sty
Package: atbegshi-ltx 2021/01/10 v1.0c Emulation of the original atbegshi
package with kernel methods
)
(/usr/share/texlive/texmf-dist/tex/latex/hyperref/hyperref.sty
Package: hyperref 2021-06-07 v7.00m Hypertext links for LaTeX

(/usr/share/texlive/texmf-dist/tex/generic/ltxcmds/ltxcmds.sty
Package: ltxcmds 2020-05-10 v1.25 LaTeX kernel commands for general use (HO)
)
(/usr/share/texlive/texmf-dist/tex/generic/pdftexcmds/pdftexcmds.sty
Package: pdftexcmds 2020-06-27 v0.33 Utility functions of pdfTeX for LuaTeX (HO
)

(/usr/share/texlive/texmf-dist/tex/generic/infwarerr/infwarerr.sty
Package: infwarerr 2019/12/03 v1.5 Providing info/warning/error messages (HO)
)
Package pdftexcmds Info: \pdf@primitive is available.
Package pdftexcmds Info: \pdf@ifprimitive is available.
Package pdftexcmds Info: \pdfdraftmode found.
)
(/usr/share/texlive/texmf-dist/tex/generic/kvsetkeys/kvsetkeys.sty
Package: kvsetkeys 2019/12/15 v1.18 Key value parser (HO)
)
(/usr/share/texlive/texmf-dist/tex/generic/kvdefinekeys/kvdefinekeys.sty
Package: kvdefinekeys 2019-12-19 v1.6 Define keys (HO)
)
(/usr/share/texlive/texmf-dist/tex/generic/pdfescape/pdfescape.sty
Package: pdfescape 2019/12/09 v1.15 Implements pdfTeX's escape features (HO)
)
(/usr/share/texlive/texmf-dist/tex/latex/hycolor/hycolor.sty
Package: hycolor 2020-01-27 v1.10 Color options for hyperref/bookmark (HO)
)
(/usr/share/texlive/texmf-dist/tex/latex/letltxmacro/letltxmacro.sty
Package: letltxmacro 2019/12/03 v1.6 Let assignment for LaTeX macros (HO)
)
(/usr/share/texlive/texmf-dist/tex/latex/auxhook/auxhook.sty
Package: auxhook 2019-12-17 v1.6 Hooks for auxiliary files (HO)
)
(/usr/share/texlive/texmf-dist/tex/latex/kvoptions/kvoptions.sty
Package: kvoptions 2020-10-07 v3.14 Key value format for package options (HO)
)
\@linkdim=\dimen257
\Hy@linkcounter=\count294
\Hy@pagecounter=\count295

(/usr/share/texlive/texmf-dist/tex/latex/hyperref/pd1enc.def
File: pd1enc.def 2021-06-07 v7.00m Hyperref: PDFDocEncoding definition (HO)
Now handling font encoding PD1 ...
... no UTF-8 mapping file for font encoding PD1
)
(/usr/share/texlive/texmf-dist/tex/latex/hyperref/hyperref-langpatches.def
File: hyperref-langpatches.def 2021-06-07 v7.00m Hyperref: patches for babel la
nguages
)
(/usr/share/texlive/texmf-dist/tex/generic/intcalc/intcalc.sty
Package: intcalc 2019/12/15 v1.3 Expandable calculations with integers (HO)
)
(/usr/share/texlive/texmf-dist/tex/generic/etexcmds/etexcmds.sty
Package: etexcmds 2019/12/15 v1.7 Avoid name clashes with e-TeX commands (HO)
)
\Hy@SavedSpaceFactor=\count296

(/usr/share/texlive/texmf-dist/tex/latex/hyperref/puenc.def
File: puenc.def 2021-06-07 v7.00m Hyperref: PDF Unicode definition (HO)
Now handling font encoding PU ...
... no UTF-8 mapping file for font encoding PU
)
Package hyperref Info: Option `bookmarks' set `true' on input line 4073.
Package hyperref Info: Option `bookmarksopen' set `true' on input line 4073.
Package hyperref Info: Option `implicit' set `false' on input line 4073.
Package hyperref Info: Hyper figures OFF on input line 4192.
Package hyperref Info: Link nesting OFF on input line 4197.
Package hyperref Info: Hyper index ON on input line 4200.
Package hyperref Info: Plain pages OFF on input line 4207.
Package hyperref Info: Backreferencing OFF on input line 4212.
Package hyperref Info: Implicit mode OFF; no redefinition of LaTeX internals.
Package hyperref Info: Bookmarks ON on input line 4445.
\c@Hy@tempcnt=\count297

(/usr/share/texlive/texmf-dist/tex/latex/url/url.sty
\Urlmuskip=\muskip16
Package: url 2013/09/16  ver 3.4  Verb mode for urls, etc.
)
LaTeX Info: Redefining \url on input line 4804.
\XeTeXLinkMargin=\dimen258

(/usr/share/texlive/texmf-dist/tex/generic/bitset/bitset.sty
Package: bitset 2019/12/09 v1.3 Handle bit-vector datatype (HO)

(/usr/share/texlive/texmf-dist/tex/generic/bigintcalc/bigintcalc.sty
Package: bigintcalc 2019/12/15 v1.5 Expandable calculations on big integers (HO
)
))
\Fld@menulength=\count298
\Field@Width=\dimen259
\Fld@charsize=\dimen260
Package hyperref Info: Hyper figures OFF on input line 6076.
Package hyperref Info: Link nesting OFF on input line 6081.
Package hyperref Info: Hyper index ON on input line 6084.
Package hyperref Info: backreferencing OFF on input line 6091.
Package hyperref Info: Link coloring OFF on input line 6096.
Package hyperref Info: Link coloring with OCG OFF on input line 6101.
Package hyperref Info: PDF/A mode OFF on input line 6106.
LaTeX Info: Redefining \ref on input line 6146.
LaTeX Info: Redefining \pageref on input line 6150.
\Hy@abspage=\count299


Package hyperref Message: Stopped early.

)
Package hyperref Info: Driver (autodetected): hpdftex.
 (/usr/share/texlive/texmf-dist/tex/latex/hyperref/hpdftex.def
File: hpdftex.def 2021-06-07 v7.00m Hyperref driver for pdfTeX

(/usr/share/texlive/texmf-dist/tex/latex/base/atveryend-ltx.sty
Package: atveryend-ltx 2020/08/19 v1.0a Emulation of the original atveryend pac
kage
with kernel methods
)
\Fld@listcount=\count300
\c@bookmark@seq@number=\count301

(/usr/share/texlive/texmf-dist/tex/latex/rerunfilecheck/rerunfilecheck.sty
Package: rerunfilecheck 2019/12/05 v1.9 Rerun checks for auxiliary files (HO)

(/usr/share/texlive/texmf-dist/tex/generic/uniquecounter/uniquecounter.sty
Package: uniquecounter 2019/12/15 v1.4 Provide unlimited unique counter (HO)
)
Package uniquecounter Info: New unique counter `rerunfilecheck' on input line 2
86.
))
(/usr/share/texlive/texmf-dist/tex/latex/beamer/beamerbaserequires.sty
(/usr/share/texlive/texmf-dist/tex/latex/beamer/beamerbasecompatibility.sty)
(/usr/share/texlive/texmf-dist/tex/latex/beamer/beamerbasefont.sty
(/usr/share/texlive/texmf-dist/tex/latex/amsfonts/amssymb.sty
Package: amssymb 2013/01/14 v3.01 AMS font symbols

(/usr/share/texlive/texmf-dist/tex/latex/amsfonts/amsfonts.sty
Package: amsfonts 2013/01/14 v3.01 Basic AMSFonts support
\@emptytoks=\toks28
\symAMSa=\mathgroup4
\symAMSb=\mathgroup5
LaTeX Font Info:    Redeclaring math symbol \hbar on input line 98.
LaTeX Font Info:    Overwriting math alphabet `\mathfrak' in version `bold'
(Font)                  U/euf/m/n --> U/euf/b/n on input line 106.
))
(/usr/share/texlive/texmf-dist/tex/latex/sansmathaccent/sansmathaccent.sty
Package: sansmathaccent 2020/01/31

(/usr/share/texlive/texmf-dist/tex/latex/koma-script/scrlfile.sty
Package: scrlfile 2021/11/13 v3.35 KOMA-Script package (file load hooks)

(/usr/share/texlive/texmf-dist/tex/latex/koma-script/scrlfile-hook.sty
Package: scrlfile-hook 2021/11/13 v3.35 KOMA-Script package (using LaTeX hooks)


(/usr/share/texlive/texmf-dist/tex/latex/koma-script/scrlogo.sty
Package: scrlogo 2021/11/13 v3.35 KOMA-Script package (logo)
)))))
(/usr/share/texlive/texmf-dist/tex/latex/beamer/beamerbasetranslator.sty
(/usr/share/texlive/texmf-dist/tex/latex/translator/translator.sty
Package: translator 2021-05-31 v1.12d Easy translation of strings in LaTeX
))
(/usr/share/texlive/texmf-dist/tex/latex/beamer/beamerbasemisc.sty)
(/usr/share/texlive/texmf-dist/tex/latex/beamer/beamerbasetwoscreens.sty)
(/usr/share/texlive/texmf-dist/tex/latex/beamer/beamerbaseoverlay.sty
\beamer@argscount=\count302
\beamer@lastskipcover=\skip50
\beamer@trivlistdepth=\count303
)
(/usr/share/texlive/texmf-dist/tex/latex/beamer/beamerbasetitle.sty)
(/usr/share/texlive/texmf-dist/tex/latex/beamer/beamerbasesection.sty
\c@lecture=\count304
\c@part=\count305
\c@section=\count306
\c@subsection=\count307
\c@subsubsection=\count308
)
(/usr/share/texlive/texmf-dist/tex/latex/beamer/beamerbaseframe.sty
\beamer@framebox=\box65
\beamer@frametitlebox=\box66
\beamer@zoombox=\box67
\beamer@zoomcount=\count309
\beamer@zoomframecount=\count310
\beamer@frametextheight=\dimen261
\c@subsectionslide=\count311
\beamer@frametopskip=\skip51
\beamer@framebottomskip=\skip52
\beamer@frametopskipautobreak=\skip53
\beamer@framebottomskipautobreak=\skip54
\beamer@envbody=\toks29
\framewidth=\dimen262
\c@framenumber=\count312
)
(/usr/share/texlive/texmf-dist/tex/latex/beamer/beamerbaseverbatim.sty
\beamer@verbatimfileout=\write4
)
(/usr/share/texlive/texmf-dist/tex/latex/beamer/beamerbaseframesize.sty
\beamer@splitbox=\box68
\beamer@autobreakcount=\count313
\beamer@autobreaklastheight=\dimen263
\beamer@frametitletoks=\toks30
\beamer@framesubtitletoks=\toks31
)
(/usr/share/texlive/texmf-dist/tex/latex/beamer/beamerbaseframecomponents.sty
\beamer@footins=\box69
)
(/usr/share/texlive/texmf-dist/tex/latex/beamer/beamerbasecolor.sty)
(/usr/share/texlive/texmf-dist/tex/latex/beamer/beamerbasenotes.sty
\beamer@frameboxcopy=\box70
)
(/usr/share/texlive/texmf-dist/tex/latex/beamer/beamerbasetoc.sty)
(/usr/share/texlive/texmf-dist/tex/latex/beamer/beamerbasetemplates.sty
\beamer@sbttoks=\toks32

(/usr/share/texlive/texmf-dist/tex/latex/beamer/beamerbaseauxtemplates.sty
(/usr/share/texlive/texmf-dist/tex/latex/beamer/beamerbaseboxes.sty
\bmb@box=\box71
\bmb@colorbox=\box72
\bmb@boxwidth=\dimen264
\bmb@boxheight=\dimen265
\bmb@prevheight=\dimen266
\bmb@temp=\dimen267
\bmb@dima=\dimen268
\bmb@dimb=\dimen269
\bmb@prevheight=\dimen270
)
\beamer@blockheadheight=\dimen271
))
(/usr/share/texlive/texmf-dist/tex/latex/beamer/beamerbaselocalstructure.sty
(/usr/share/texlive/texmf-dist/tex/latex/tools/enumerate.sty
Package: enumerate 2015/07/23 v3.00 enumerate extensions (DPC)
\@enLab=\toks33
)
\beamer@bibiconwidth=\skip55
\c@figure=\count314
\c@table=\count315
\abovecaptionskip=\skip56
\belowcaptionskip=\skip57
)
(/usr/share/texlive/texmf-dist/tex/latex/beamer/beamerbasenavigation.sty
\beamer@section@min@dim=\dimen272
)
(/usr/share/texlive/texmf-dist/tex/latex/beamer/beamerbasetheorems.sty
(/usr/share/texlive/texmf-dist/tex/latex/amsmath/amsmath.sty
Package: amsmath 2021/10/15 v2.17l AMS math features
\@mathmargin=\skip58

For additional information on amsmath, use the `?' option.
(/usr/share/texlive/texmf-dist/tex/latex/amsmath/amstext.sty
Package: amstext 2021/08/26 v2.01 AMS text

(/usr/share/texlive/texmf-dist/tex/latex/amsmath/amsgen.sty
File: amsgen.sty 1999/11/30 v2.0 generic functions
\@emptytoks=\toks34
\ex@=\dimen273
))
(/usr/share/texlive/texmf-dist/tex/latex/amsmath/amsbsy.sty
Package: amsbsy 1999/11/29 v1.2d Bold Symbols
\pmbraise@=\dimen274
)
(/usr/share/texlive/texmf-dist/tex/latex/amsmath/amsopn.sty
Package: amsopn 2021/08/26 v2.02 operator names
)
\inf@bad=\count316
LaTeX Info: Redefining \frac on input line 234.
\uproot@=\count317
\leftroot@=\count318
LaTeX Info: Redefining \overline on input line 399.
\classnum@=\count319
\DOTSCASE@=\count320
LaTeX Info: Redefining \ldots on input line 496.
LaTeX Info: Redefining \dots on input line 499.
LaTeX Info: Redefining \cdots on input line 620.
\Mathstrutbox@=\box73
\strutbox@=\box74
\big@size=\dimen275
LaTeX Font Info:    Redeclaring font encoding OML on input line 743.
LaTeX Font Info:    Redeclaring font encoding OMS on input line 744.
\macc@depth=\count321
\c@MaxMatrixCols=\count322
\dotsspace@=\muskip17
\c@parentequation=\count323
\dspbrk@lvl=\count324
\tag@help=\toks35
\row@=\count325
\column@=\count326
\maxfields@=\count327
\andhelp@=\toks36
\eqnshift@=\dimen276
\alignsep@=\dimen277
\tagshift@=\dimen278
\tagwidth@=\dimen279
\totwidth@=\dimen280
\lineht@=\dimen281
\@envbody=\toks37
\multlinegap=\skip59
\multlinetaggap=\skip60
\mathdisplay@stack=\toks38
LaTeX Info: Redefining \[ on input line 2938.
LaTeX Info: Redefining \] on input line 2939.
)
(/usr/share/texlive/texmf-dist/tex/latex/amscls/amsthm.sty
Package: amsthm 2020/05/29 v2.20.6
\thm@style=\toks39
\thm@bodyfont=\toks40
\thm@headfont=\toks41
\thm@notefont=\toks42
\thm@headpunct=\toks43
\thm@preskip=\skip61
\thm@postskip=\skip62
\thm@headsep=\skip63
\dth@everypar=\toks44
)
\c@theorem=\count328
)
(/usr/share/texlive/texmf-dist/tex/latex/beamer/beamerbasethemes.sty))
(/usr/share/texlive/texmf-dist/tex/latex/beamer/beamerthemedefault.sty
(/usr/share/texlive/texmf-dist/tex/latex/beamer/beamerfontthemedefault.sty)
(/usr/share/texlive/texmf-dist/tex/latex/beamer/beamercolorthemedefault.sty)
(/usr/share/texlive/texmf-dist/tex/latex/beamer/beamerinnerthemedefault.sty
\beamer@dima=\dimen282
\beamer@dimb=\dimen283
)
(/usr/share/texlive/texmf-dist/tex/latex/beamer/beamerouterthemedefault.sty)))
(/usr/share/texlive/texmf-dist/tex/latex/abntex2/abntex2cite.sty
Package: abntex2cite 2018/11/24 v-1.9.7 abnTeX2

(/usr/share/texlive/texmf-dist/tex/latex/base/ifthen.sty
Package: ifthen 2020/11/24 v1.1c Standard LaTeX ifthen package (DPC)
)
(/usr/share/texlive/texmf-dist/tex/latex/tools/calc.sty
Package: calc 2017/05/25 v4.3 Infix arithmetic (KKT,FJ)
\calc@Acount=\count329
\calc@Bcount=\count330
\calc@Adimen=\dimen284
\calc@Bdimen=\dimen285
\calc@Askip=\skip64
\calc@Bskip=\skip65
LaTeX Info: Redefining \setlength on input line 80.
LaTeX Info: Redefining \addtolength on input line 81.
\calc@Ccount=\count331
\calc@Cskip=\skip66
)
(/usr/share/texlive/texmf-dist/tex/latex/abntex2/abntex2abrev.sty)
(/usr/share/texlive/texmf-dist/tex/latex/setspace/setspace.sty
Package: setspace 2011/12/19 v6.7a set line spacing
)
\bibindent=\skip67
\minimumbiblabelwidth=\skip68
\ABCIauxlen=\skip69
\c@ABCIaux=\count332
\c@ABCImax=\count333

(/usr/share/texlive/texmf-dist/tex/generic/iftex/ifxetex.sty
Package: ifxetex 2019/10/25 v0.7 ifxetex legacy package. Use iftex instead.
)
(/usr/share/texlive/texmf-dist/tex/latex/relsize/relsize.sty
Package: relsize 2013/03/29 ver 4.1
)
\biblabelsep=\skip70
LaTeX Info: Redefining \newblock on input line 591.
LaTeX Info: Redefining \cite on input line 618.
\ABCItoken=\toks45
)
(/usr/share/texlive/texmf-dist/tex/latex/base/inputenc.sty
Package: inputenc 2021/02/14 v1.3d Input encoding file
\inpenc@prehook=\toks46
\inpenc@posthook=\toks47
)
(/usr/share/texlive/texmf-dist/tex/generic/babel/babel.sty
Package: babel 2022/01/26 3.70 The Babel package
\babel@savecnt=\count334
\U@D=\dimen286
\l@unhyphenated=\language87

(/usr/share/texlive/texmf-dist/tex/generic/babel/txtbabel.def)
\bbl@readstream=\read3
LaTeX Info: Redefining \textlatin on input line 3967.
\bbl@dirlevel=\count335

(/usr/share/texlive/texmf-dist/tex/generic/babel-portuges/portuguese.ldf
Language: portuges 2021/07/09 v1.2t Portuguese support from the babel system
Package babel Info: Making " an active character on input line 143.
))
(/usr/share/texlive/texmf-dist/tex/latex/float/float.sty
Package: float 2001/11/08 v1.3d Float enhancements (AL)
\c@float@type=\count336
\float@exts=\toks48
\float@box=\box75
\@float@everytoks=\toks49
\@floatcapt=\box76
)
(/usr/share/texlive/texmf-dist/tex/latex/physics/physics.sty
Package: physics 

(/usr/share/texlive/texmf-dist/tex/latex/l3packages/xparse/xparse.sty
(/usr/share/texlive/texmf-dist/tex/latex/l3kernel/expl3.sty
Package: expl3 2022-01-21 L3 programming layer (loader) 

(/usr/share/texlive/texmf-dist/tex/latex/l3backend/l3backend-pdftex.def
File: l3backend-pdftex.def 2022-01-12 L3 backend support: PDF output (pdfTeX)
\l__color_backend_stack_int=\count337
\l__pdf_internal_box=\box77
))
Package: xparse 2022-01-12 L3 Experimental document command parser
))
(/usr/share/texlive/texmf-dist/tex/latex/bbold/bbold.sty
Package: bbold 1994/04/06 Bbold symbol package
LaTeX Font Info:    Redeclaring math alphabet \mathbb on input line 42.
)
(/usr/share/texlive/texmf-dist/tex/latex/caption/subcaption.sty
Package: subcaption 2020/10/07 v1.3j Sub-captions (AR)

(/usr/share/texlive/texmf-dist/tex/latex/caption/caption.sty
Package: caption 2020/10/26 v3.5g Customizing captions (AR)

(/usr/share/texlive/texmf-dist/tex/latex/caption/caption3.sty
Package: caption3 2020/10/21 v2.2e caption3 kernel (AR)
\captionmargin=\dimen287
\captionmargin@=\dimen288
\captionwidth=\dimen289
\caption@tempdima=\dimen290
\caption@indent=\dimen291
\caption@parindent=\dimen292
\caption@hangindent=\dimen293
Package caption Info: beamer document class detected.

(/usr/share/texlive/texmf-dist/tex/latex/caption/caption-beamer.sto
File: caption-beamer.sto 2020/08/22 v2.0 Adaption of the caption package to the
 beamer document classes (AR)
))
\c@caption@flags=\count338
\c@continuedfloat=\count339
Package caption Info: float package is loaded.
Package caption Info: hyperref package is loaded.
Package caption Info: Hyperref support is turned off
(caption)             because hyperref has stopped early.
)
\c@subfigure=\count340
\c@subtable=\count341
)
(/usr/share/texlive/texmf-dist/tex/latex/mathtools/mathtools.sty
Package: mathtools 2021/02/02 v1.28 mathematical typesetting tools

(/usr/share/texlive/texmf-dist/tex/latex/mathtools/mhsetup.sty
Package: mhsetup 2021/03/18 v1.4 programming setup (MH)
)
\g_MT_multlinerow_int=\count342
\l_MT_multwidth_dim=\dimen294
\origjot=\skip71
\l_MT_shortvdotswithinadjustabove_dim=\dimen295
\l_MT_shortvdotswithinadjustbelow_dim=\dimen296
\l_MT_above_intertext_sep=\dimen297
\l_MT_below_intertext_sep=\dimen298
\l_MT_above_shortintertext_sep=\dimen299
\l_MT_below_shortintertext_sep=\dimen300
\xmathstrut@box=\box78
\xmathstrut@dim=\dimen301
)
(/usr/share/texlive/texmf-dist/tex/latex/appendixnumberbeamer/appendixnumberbea
mer.sty) (/usr/share/texlive/texmf-dist/tex/latex/pgf/frontendlayer/tikz.sty
(/usr/share/texlive/texmf-dist/tex/latex/pgf/basiclayer/pgf.sty
Package: pgf 2021/05/15 v3.1.9a (3.1.9a)

(/usr/share/texlive/texmf-dist/tex/generic/pgf/modules/pgfmoduleshapes.code.tex
File: pgfmoduleshapes.code.tex 2021/05/15 v3.1.9a (3.1.9a)
\pgfnodeparttextbox=\box79
) (/usr/share/texlive/texmf-dist/tex/generic/pgf/modules/pgfmoduleplot.code.tex
File: pgfmoduleplot.code.tex 2021/05/15 v3.1.9a (3.1.9a)
)
(/usr/share/texlive/texmf-dist/tex/latex/pgf/compatibility/pgfcomp-version-0-65
.sty
Package: pgfcomp-version-0-65 2021/05/15 v3.1.9a (3.1.9a)
\pgf@nodesepstart=\dimen302
\pgf@nodesepend=\dimen303
)
(/usr/share/texlive/texmf-dist/tex/latex/pgf/compatibility/pgfcomp-version-1-18
.sty
Package: pgfcomp-version-1-18 2021/05/15 v3.1.9a (3.1.9a)
)) (/usr/share/texlive/texmf-dist/tex/latex/pgf/utilities/pgffor.sty
(/usr/share/texlive/texmf-dist/tex/latex/pgf/utilities/pgfkeys.sty
(/usr/share/texlive/texmf-dist/tex/generic/pgf/utilities/pgfkeys.code.tex))
(/usr/share/texlive/texmf-dist/tex/latex/pgf/math/pgfmath.sty
(/usr/share/texlive/texmf-dist/tex/generic/pgf/math/pgfmath.code.tex))
(/usr/share/texlive/texmf-dist/tex/generic/pgf/utilities/pgffor.code.tex
Package: pgffor 2021/05/15 v3.1.9a (3.1.9a)

(/usr/share/texlive/texmf-dist/tex/generic/pgf/math/pgfmath.code.tex)
\pgffor@iter=\dimen304
\pgffor@skip=\dimen305
\pgffor@stack=\toks50
\pgffor@toks=\toks51
))
(/usr/share/texlive/texmf-dist/tex/generic/pgf/frontendlayer/tikz/tikz.code.tex
Package: tikz 2021/05/15 v3.1.9a (3.1.9a)

(/usr/share/texlive/texmf-dist/tex/generic/pgf/libraries/pgflibraryplothandlers
.code.tex
File: pgflibraryplothandlers.code.tex 2021/05/15 v3.1.9a (3.1.9a)
\pgf@plot@mark@count=\count343
\pgfplotmarksize=\dimen306
)
\tikz@lastx=\dimen307
\tikz@lasty=\dimen308
\tikz@lastxsaved=\dimen309
\tikz@lastysaved=\dimen310
\tikz@lastmovetox=\dimen311
\tikz@lastmovetoy=\dimen312
\tikzleveldistance=\dimen313
\tikzsiblingdistance=\dimen314
\tikz@figbox=\box80
\tikz@figbox@bg=\box81
\tikz@tempbox=\box82
\tikz@tempbox@bg=\box83
\tikztreelevel=\count344
\tikznumberofchildren=\count345
\tikznumberofcurrentchild=\count346
\tikz@fig@count=\count347

(/usr/share/texlive/texmf-dist/tex/generic/pgf/modules/pgfmodulematrix.code.tex
File: pgfmodulematrix.code.tex 2021/05/15 v3.1.9a (3.1.9a)
\pgfmatrixcurrentrow=\count348
\pgfmatrixcurrentcolumn=\count349
\pgf@matrix@numberofcolumns=\count350
)
\tikz@expandcount=\count351

(/usr/share/texlive/texmf-dist/tex/generic/pgf/frontendlayer/tikz/libraries/tik
zlibrarytopaths.code.tex
File: tikzlibrarytopaths.code.tex 2021/05/15 v3.1.9a (3.1.9a)
)))
(/usr/share/texlive/texmf-dist/tex/generic/pgf/frontendlayer/tikz/libraries/tik
zlibraryshapes.code.tex
File: tikzlibraryshapes.code.tex 2021/05/15 v3.1.9a (3.1.9a)

(/usr/share/texlive/texmf-dist/tex/generic/pgf/frontendlayer/tikz/libraries/tik
zlibraryshapes.geometric.code.tex
File: tikzlibraryshapes.geometric.code.tex 2021/05/15 v3.1.9a (3.1.9a)

(/usr/share/texlive/texmf-dist/tex/generic/pgf/libraries/shapes/pgflibraryshape
s.geometric.code.tex
File: pgflibraryshapes.geometric.code.tex 2021/05/15 v3.1.9a (3.1.9a)
))
(/usr/share/texlive/texmf-dist/tex/generic/pgf/frontendlayer/tikz/libraries/tik
zlibraryshapes.misc.code.tex
File: tikzlibraryshapes.misc.code.tex 2021/05/15 v3.1.9a (3.1.9a)

(/usr/share/texlive/texmf-dist/tex/generic/pgf/libraries/shapes/pgflibraryshape
s.misc.code.tex
File: pgflibraryshapes.misc.code.tex 2021/05/15 v3.1.9a (3.1.9a)
))
(/usr/share/texlive/texmf-dist/tex/generic/pgf/frontendlayer/tikz/libraries/tik
zlibraryshapes.symbols.code.tex
File: tikzlibraryshapes.symbols.code.tex 2021/05/15 v3.1.9a (3.1.9a)

(/usr/share/texlive/texmf-dist/tex/generic/pgf/libraries/shapes/pgflibraryshape
s.symbols.code.tex
File: pgflibraryshapes.symbols.code.tex 2021/05/15 v3.1.9a (3.1.9a)
))
(/usr/share/texlive/texmf-dist/tex/generic/pgf/frontendlayer/tikz/libraries/tik
zlibraryshapes.arrows.code.tex
File: tikzlibraryshapes.arrows.code.tex 2021/05/15 v3.1.9a (3.1.9a)

(/usr/share/texlive/texmf-dist/tex/generic/pgf/libraries/shapes/pgflibraryshape
s.arrows.code.tex
File: pgflibraryshapes.arrows.code.tex 2021/05/15 v3.1.9a (3.1.9a)
))
(/usr/share/texlive/texmf-dist/tex/generic/pgf/frontendlayer/tikz/libraries/tik
zlibraryshapes.callouts.code.tex
(/usr/share/texlive/texmf-dist/tex/generic/pgf/libraries/shapes/pgflibraryshape
s.callouts.code.tex))
(/usr/share/texlive/texmf-dist/tex/generic/pgf/frontendlayer/tikz/libraries/tik
zlibraryshapes.multipart.code.tex
File: tikzlibraryshapes.multipart.code.tex 2021/05/15 v3.1.9a (3.1.9a)

(/usr/share/texlive/texmf-dist/tex/generic/pgf/libraries/shapes/pgflibraryshape
s.multipart.code.tex
File: pgflibraryshapes.multipart.code.tex 2021/05/15 v3.1.9a (3.1.9a)
\pgfnodepartlowerbox=\box84
\pgfnodeparttwobox=\box85
\pgfnodepartthreebox=\box86
\pgfnodepartfourbox=\box87
\pgfnodeparttwentybox=\box88
\pgfnodepartnineteenbox=\box89
\pgfnodeparteighteenbox=\box90
\pgfnodepartseventeenbox=\box91
\pgfnodepartsixteenbox=\box92
\pgfnodepartfifteenbox=\box93
\pgfnodepartfourteenbox=\box94
\pgfnodepartthirteenbox=\box95
\pgfnodeparttwelvebox=\box96
\pgfnodepartelevenbox=\box97
\pgfnodeparttenbox=\box98
\pgfnodepartninebox=\box99
\pgfnodeparteightbox=\box100
\pgfnodepartsevenbox=\box101
\pgfnodepartsixbox=\box102
\pgfnodepartfivebox=\box103
)))
(/usr/share/texlive/texmf-dist/tex/generic/pgf/frontendlayer/tikz/libraries/tik
zlibrarypositioning.code.tex
File: tikzlibrarypositioning.code.tex 2021/05/15 v3.1.9a (3.1.9a)
)
(/usr/share/texlive/texmf-dist/tex/generic/pgf/frontendlayer/tikz/libraries/tik
zlibrarycalc.code.tex
File: tikzlibrarycalc.code.tex 2021/05/15 v3.1.9a (3.1.9a)
)
(/usr/share/texlive/texmf-dist/tex/generic/pgf/frontendlayer/tikz/libraries/tik
zlibraryquotes.code.tex
File: tikzlibraryquotes.code.tex 2021/05/15 v3.1.9a (3.1.9a)
)
(/usr/share/texlive/texmf-dist/tex/latex/beamer/beamerthemeMadrid.sty
(/usr/share/texlive/texmf-dist/tex/latex/beamer/beamercolorthemewhale.sty)
(/usr/share/texlive/texmf-dist/tex/latex/beamer/beamercolorthemeorchid.sty)
(/usr/share/texlive/texmf-dist/tex/latex/beamer/beamerinnerthemerounded.sty)
(/usr/share/texlive/texmf-dist/tex/latex/beamer/beamerouterthemeinfolines.sty))

(/usr/share/texlive/texmf-dist/tex/latex/beamer/beamerfontthemestructuresmallca
psserif.sty)
(/usr/share/texlive/texmf-dist/tex/latex/beamer/beamerouterthememiniframes.sty)
(/usr/share/texlive/texmf-dist/tex/latex/beamer/beamerinnerthemecircles.sty)
(/usr/share/texlive/texmf-dist/tex/latex/beamer/beamercolorthemestructure.sty))
(./v3.aux

LaTeX Warning: Label `Equação: Quartico +' multiply defined.


LaTeX Warning: Label `Equação: Quartico -' multiply defined.

)
\openout1 = `v3.aux'.

LaTeX Font Info:    Checking defaults for OML/cmm/m/it on input line 4.
LaTeX Font Info:    ... okay on input line 4.
LaTeX Font Info:    Checking defaults for OMS/cmsy/m/n on input line 4.
LaTeX Font Info:    ... okay on input line 4.
LaTeX Font Info:    Checking defaults for OT1/cmr/m/n on input line 4.
LaTeX Font Info:    ... okay on input line 4.
LaTeX Font Info:    Checking defaults for T1/cmr/m/n on input line 4.
LaTeX Font Info:    ... okay on input line 4.
LaTeX Font Info:    Checking defaults for TS1/cmr/m/n on input line 4.
LaTeX Font Info:    ... okay on input line 4.
LaTeX Font Info:    Checking defaults for OMX/cmex/m/n on input line 4.
LaTeX Font Info:    ... okay on input line 4.
LaTeX Font Info:    Checking defaults for U/cmr/m/n on input line 4.
LaTeX Font Info:    ... okay on input line 4.
LaTeX Font Info:    Checking defaults for PD1/pdf/m/n on input line 4.
LaTeX Font Info:    ... okay on input line 4.
LaTeX Font Info:    Checking defaults for PU/pdf/m/n on input line 4.
LaTeX Font Info:    ... okay on input line 4.

*geometry* driver: auto-detecting
*geometry* detected driver: pdftex
*geometry* verbose mode - [ preamble ] result:
* driver: pdftex
* paper: custom
* layout: <same size as paper>
* layoutoffset:(h,v)=(0.0pt,0.0pt)
* modes: includehead includefoot 
* h-part:(L,W,R)=(10.00002pt, 344.19533pt, 10.00002pt)
* v-part:(T,H,B)=(0.0pt, 273.14662pt, 0.0pt)
* \paperwidth=364.19536pt
* \paperheight=273.14662pt
* \textwidth=344.19533pt
* \textheight=244.6939pt
* \oddsidemargin=-62.26997pt
* \evensidemargin=-62.26997pt
* \topmargin=-72.26999pt
* \headheight=14.22636pt
* \headsep=0.0pt
* \topskip=10.0pt
* \footskip=14.22636pt
* \marginparwidth=3.0pt
* \marginparsep=11.0pt
* \columnsep=10.0pt
* \skip\footins=9.0pt plus 4.0pt minus 2.0pt
* \hoffset=0.0pt
* \voffset=0.0pt
* \mag=1000
* \@twocolumnfalse
* \@twosidefalse
* \@mparswitchfalse
* \@reversemarginfalse
* (1in=72.27pt=25.4mm, 1cm=28.453pt)

(/usr/share/texlive/texmf-dist/tex/context/base/mkii/supp-pdf.mkii
[Loading MPS to PDF converter (version 2006.09.02).]
\scratchcounter=\count352
\scratchdimen=\dimen315
\scratchbox=\box104
\nofMPsegments=\count353
\nofMParguments=\count354
\everyMPshowfont=\toks52
\MPscratchCnt=\count355
\MPscratchDim=\dimen316
\MPnumerator=\count356
\makeMPintoPDFobject=\count357
\everyMPtoPDFconversion=\toks53
) (/usr/share/texlive/texmf-dist/tex/latex/epstopdf-pkg/epstopdf-base.sty
Package: epstopdf-base 2020-01-24 v2.11 Base part for package epstopdf
Package epstopdf-base Info: Redefining graphics rule for `.eps' on input line 4
85.

(/usr/share/texlive/texmf-dist/tex/latex/latexconfig/epstopdf-sys.cfg
File: epstopdf-sys.cfg 2010/07/13 v1.3 Configuration of (r)epstopdf for TeX Liv
e
))
Package hyperref Info: Link coloring OFF on input line 4.

(/usr/share/texlive/texmf-dist/tex/latex/hyperref/nameref.sty
Package: nameref 2021-04-02 v2.47 Cross-referencing by name of section

(/usr/share/texlive/texmf-dist/tex/latex/refcount/refcount.sty
Package: refcount 2019/12/15 v3.6 Data extraction from label references (HO)
)
(/usr/share/texlive/texmf-dist/tex/generic/gettitlestring/gettitlestring.sty
Package: gettitlestring 2019/12/15 v1.6 Cleanup title references (HO)
)
\c@section@level=\count358
)
LaTeX Info: Redefining \ref on input line 4.
LaTeX Info: Redefining \pageref on input line 4.
LaTeX Info: Redefining \nameref on input line 4.

(./v3.out) (./v3.out)
\@outlinefile=\write5
\openout5 = `v3.out'.

LaTeX Font Info:    Overwriting symbol font `operators' in version `normal'
(Font)                  OT1/cmr/m/n --> OT1/cmss/m/n on input line 4.
LaTeX Font Info:    Overwriting symbol font `operators' in version `bold'
(Font)                  OT1/cmr/bx/n --> OT1/cmss/b/n on input line 4.
\symnumbers=\mathgroup6
\sympureletters=\mathgroup7
LaTeX Font Info:    Overwriting math alphabet `\mathrm' in version `normal'
(Font)                  OT1/cmss/m/n --> OT1/cmr/m/n on input line 4.
LaTeX Font Info:    Redeclaring math alphabet \mathbf on input line 4.
LaTeX Font Info:    Overwriting math alphabet `\mathbf' in version `normal'
(Font)                  OT1/cmr/bx/n --> OT1/cmss/b/n on input line 4.
LaTeX Font Info:    Overwriting math alphabet `\mathbf' in version `bold'
(Font)                  OT1/cmr/bx/n --> OT1/cmss/b/n on input line 4.
LaTeX Font Info:    Redeclaring math alphabet \mathsf on input line 4.
LaTeX Font Info:    Overwriting math alphabet `\mathsf' in version `normal'
(Font)                  OT1/cmss/m/n --> OT1/cmss/m/n on input line 4.
LaTeX Font Info:    Overwriting math alphabet `\mathsf' in version `bold'
(Font)                  OT1/cmss/bx/n --> OT1/cmss/m/n on input line 4.
LaTeX Font Info:    Redeclaring math alphabet \mathit on input line 4.
LaTeX Font Info:    Overwriting math alphabet `\mathit' in version `normal'
(Font)                  OT1/cmr/m/it --> OT1/cmss/m/it on input line 4.
LaTeX Font Info:    Overwriting math alphabet `\mathit' in version `bold'
(Font)                  OT1/cmr/bx/it --> OT1/cmss/m/it on input line 4.
LaTeX Font Info:    Redeclaring math alphabet \mathtt on input line 4.
LaTeX Font Info:    Overwriting math alphabet `\mathtt' in version `normal'
(Font)                  OT1/cmtt/m/n --> OT1/cmtt/m/n on input line 4.
LaTeX Font Info:    Overwriting math alphabet `\mathtt' in version `bold'
(Font)                  OT1/cmtt/m/n --> OT1/cmtt/m/n on input line 4.
LaTeX Font Info:    Overwriting symbol font `numbers' in version `bold'
(Font)                  OT1/cmss/m/n --> OT1/cmss/b/n on input line 4.
LaTeX Font Info:    Overwriting symbol font `pureletters' in version `bold'
(Font)                  OT1/cmss/m/it --> OT1/cmss/b/it on input line 4.
LaTeX Font Info:    Overwriting math alphabet `\mathrm' in version `bold'
(Font)                  OT1/cmss/b/n --> OT1/cmr/b/n on input line 4.
LaTeX Font Info:    Overwriting math alphabet `\mathbf' in version `bold'
(Font)                  OT1/cmss/b/n --> OT1/cmss/b/n on input line 4.
LaTeX Font Info:    Overwriting math alphabet `\mathsf' in version `bold'
(Font)                  OT1/cmss/m/n --> OT1/cmss/b/n on input line 4.
LaTeX Font Info:    Overwriting math alphabet `\mathit' in version `bold'
(Font)                  OT1/cmss/m/it --> OT1/cmss/b/it on input line 4.
LaTeX Font Info:    Overwriting math alphabet `\mathtt' in version `bold'
(Font)                  OT1/cmtt/m/n --> OT1/cmtt/b/n on input line 4.
LaTeX Font Info:    Redeclaring symbol font `pureletters' on input line 4.
LaTeX Font Info:    Overwriting symbol font `pureletters' in version `normal'
(Font)                  OT1/cmss/m/it --> OT1/mathkerncmss/m/sl on input line 4
.
LaTeX Font Info:    Overwriting symbol font `pureletters' in version `bold'
(Font)                  OT1/cmss/b/it --> OT1/mathkerncmss/m/sl on input line 4
.
LaTeX Font Info:    Overwriting symbol font `pureletters' in version `bold'
(Font)                  OT1/mathkerncmss/m/sl --> OT1/mathkerncmss/bx/sl on inp
ut line 4.

(/usr/share/texlive/texmf-dist/tex/latex/translator/translator-basic-dictionary
-English.dict
Dictionary: translator-basic-dictionary, Language: English 
)
(/usr/share/texlive/texmf-dist/tex/latex/translator/translator-bibliography-dic
tionary-English.dict
Dictionary: translator-bibliography-dictionary, Language: English 
)
(/usr/share/texlive/texmf-dist/tex/latex/translator/translator-environment-dict
ionary-English.dict
Dictionary: translator-environment-dictionary, Language: English 
)
(/usr/share/texlive/texmf-dist/tex/latex/translator/translator-months-dictionar
y-English.dict
Dictionary: translator-months-dictionary, Language: English 
)
(/usr/share/texlive/texmf-dist/tex/latex/translator/translator-numbers-dictiona
ry-English.dict
Dictionary: translator-numbers-dictionary, Language: English 
)
(/usr/share/texlive/texmf-dist/tex/latex/translator/translator-theorem-dictiona
ry-English.dict
Dictionary: translator-theorem-dictionary, Language: English 
)
Package caption Info: Begin \AtBeginDocument code.
Package caption Info: End \AtBeginDocument code.
 (./v3.nav)

LaTeX Font Warning: Font shape `OT1/cmss/m/sc' in size <5> not available
(Font)              Font shape `OT1/cmr/m/sc' tried instead on input line 4.

<./media/aesthetics/croppedCircle.png, id=109, 2007.5pt x 1165.35374pt>
File: ./media/aesthetics/croppedCircle.png Graphic file (type png)
<use ./media/aesthetics/croppedCircle.png>
Package pdftex.def Info: ./media/aesthetics/croppedCircle.png  used on input li
ne 7.
(pdftex.def)             Requested size: 546.29303pt x 317.1214pt.

LaTeX Font Warning: Font shape `OT1/cmss/m/sc' in size <10> not available
(Font)              Font shape `OT1/cmr/m/sc' tried instead on input line 7.

LaTeX Font Info:    Trying to load font information for U+msa on input line 7.
(/usr/share/texlive/texmf-dist/tex/latex/amsfonts/umsa.fd
File: umsa.fd 2013/01/14 v3.01 AMS symbols A
)
LaTeX Font Info:    Trying to load font information for U+msb on input line 7.

(/usr/share/texlive/texmf-dist/tex/latex/amsfonts/umsb.fd
File: umsb.fd 2013/01/14 v3.01 AMS symbols B
)
LaTeX Font Info:    Trying to load font information for OT1+mathkerncmss on inp
ut line 7.

(/usr/share/texlive/texmf-dist/tex/latex/sansmathaccent/ot1mathkerncmss.fd
File: ot1mathkerncmss.fd 2020/01/31 Fontinst v1.933 font definitions for OT1/ma
thkerncmss.
)
<media/aesthetics/logotipoifsc.png, id=123, 401.5pt x 331.2375pt>
File: media/aesthetics/logotipoifsc.png Graphic file (type png)
<use media/aesthetics/logotipoifsc.png>
Package pdftex.def Info: media/aesthetics/logotipoifsc.png  used on input line 
7.
(pdftex.def)             Requested size: 17.23965pt x 14.22636pt.

[1{/var/lib/texmf/fonts/map/pdftex/updmap/pdftex.map}

 <./media/aesthetics/logotipoifsc.png> <./media/aesthetics/croppedCircle.png>] 
(./v3.toc)
<./media/aesthetics/AstecDiamond.png, id=216, 6019.48875pt x 4827.03375pt>
File: ./media/aesthetics/AstecDiamond.png Graphic file (type png)
<use ./media/aesthetics/AstecDiamond.png>
Package pdftex.def Info: ./media/aesthetics/AstecDiamond.png  used on input lin
e 17.
(pdftex.def)             Requested size: 364.19536pt x 292.04013pt.
File: media/aesthetics/logotipoifsc.png Graphic file (type png)
<use media/aesthetics/logotipoifsc.png>
Package pdftex.def Info: media/aesthetics/logotipoifsc.png  used on input line 
17.
(pdftex.def)             Requested size: 17.23965pt x 14.22636pt.
 [2

 <./media/aesthetics/AstecDiamond.png>] (./v3.toc)
File: ./media/aesthetics/AstecDiamond.png Graphic file (type png)
<use ./media/aesthetics/AstecDiamond.png>
Package pdftex.def Info: ./media/aesthetics/AstecDiamond.png  used on input lin
e 23.
(pdftex.def)             Requested size: 364.19536pt x 292.04013pt.
File: media/aesthetics/logotipoifsc.png Graphic file (type png)
<use media/aesthetics/logotipoifsc.png>
Package pdftex.def Info: media/aesthetics/logotipoifsc.png  used on input line 
23.
(pdftex.def)             Requested size: 17.23965pt x 14.22636pt.
 [3

]

LaTeX Font Warning: Font shape `OT1/cmr/m/scit' undefined
(Font)              using `OT1/cmr/m/it' instead on input line 43.

File: media/aesthetics/logotipoifsc.png Graphic file (type png)
<use media/aesthetics/logotipoifsc.png>
Package pdftex.def Info: media/aesthetics/logotipoifsc.png  used on input line 
43.
(pdftex.def)             Requested size: 17.23965pt x 14.22636pt.
[4

]
File: media/aesthetics/logotipoifsc.png Graphic file (type png)
<use media/aesthetics/logotipoifsc.png>
Package pdftex.def Info: media/aesthetics/logotipoifsc.png  used on input line 
66.
(pdftex.def)             Requested size: 17.23965pt x 14.22636pt.
 [5

]
File: media/aesthetics/logotipoifsc.png Graphic file (type png)
<use media/aesthetics/logotipoifsc.png>
Package pdftex.def Info: media/aesthetics/logotipoifsc.png  used on input line 
66.
(pdftex.def)             Requested size: 17.23965pt x 14.22636pt.
 [6

]
File: media/aesthetics/logotipoifsc.png Graphic file (type png)
<use media/aesthetics/logotipoifsc.png>
Package pdftex.def Info: media/aesthetics/logotipoifsc.png  used on input line 
167.
(pdftex.def)             Requested size: 17.23965pt x 14.22636pt.
 [7

]
File: media/aesthetics/logotipoifsc.png Graphic file (type png)
<use media/aesthetics/logotipoifsc.png>
Package pdftex.def Info: media/aesthetics/logotipoifsc.png  used on input line 
167.
(pdftex.def)             Requested size: 17.23965pt x 14.22636pt.
 [8

]
File: media/aesthetics/logotipoifsc.png Graphic file (type png)
<use media/aesthetics/logotipoifsc.png>
Package pdftex.def Info: media/aesthetics/logotipoifsc.png  used on input line 
167.
(pdftex.def)             Requested size: 17.23965pt x 14.22636pt.
 [9

]
File: media/aesthetics/logotipoifsc.png Graphic file (type png)
<use media/aesthetics/logotipoifsc.png>
Package pdftex.def Info: media/aesthetics/logotipoifsc.png  used on input line 
167.
(pdftex.def)             Requested size: 17.23965pt x 14.22636pt.
 [10

]
File: media/aesthetics/logotipoifsc.png Graphic file (type png)
<use media/aesthetics/logotipoifsc.png>
Package pdftex.def Info: media/aesthetics/logotipoifsc.png  used on input line 
167.
(pdftex.def)             Requested size: 17.23965pt x 14.22636pt.
 [11

]
File: media/aesthetics/logotipoifsc.png Graphic file (type png)
<use media/aesthetics/logotipoifsc.png>
Package pdftex.def Info: media/aesthetics/logotipoifsc.png  used on input line 
167.
(pdftex.def)             Requested size: 17.23965pt x 14.22636pt.
 [12

]
File: media/aesthetics/logotipoifsc.png Graphic file (type png)
<use media/aesthetics/logotipoifsc.png>
Package pdftex.def Info: media/aesthetics/logotipoifsc.png  used on input line 
167.
(pdftex.def)             Requested size: 17.23965pt x 14.22636pt.
 [13

]
File: media/aesthetics/logotipoifsc.png Graphic file (type png)
<use media/aesthetics/logotipoifsc.png>
Package pdftex.def Info: media/aesthetics/logotipoifsc.png  used on input line 
167.
(pdftex.def)             Requested size: 17.23965pt x 14.22636pt.
 [14

]
LaTeX Font Info:    Trying to load font information for U+bbold on input line 1
90.

(/usr/share/texlive/texmf-dist/tex/latex/bbold/Ubbold.fd)
File: media/aesthetics/logotipoifsc.png Graphic file (type png)
<use media/aesthetics/logotipoifsc.png>
Package pdftex.def Info: media/aesthetics/logotipoifsc.png  used on input line 
190.
(pdftex.def)             Requested size: 17.23965pt x 14.22636pt.
 [15

]
File: media/aesthetics/logotipoifsc.png Graphic file (type png)
<use media/aesthetics/logotipoifsc.png>
Package pdftex.def Info: media/aesthetics/logotipoifsc.png  used on input line 
234.
(pdftex.def)             Requested size: 17.23965pt x 14.22636pt.
 [16

]
File: media/aesthetics/logotipoifsc.png Graphic file (type png)
<use media/aesthetics/logotipoifsc.png>
Package pdftex.def Info: media/aesthetics/logotipoifsc.png  used on input line 
234.
(pdftex.def)             Requested size: 17.23965pt x 14.22636pt.
 [17

]
File: media/aesthetics/logotipoifsc.png Graphic file (type png)
<use media/aesthetics/logotipoifsc.png>
Package pdftex.def Info: media/aesthetics/logotipoifsc.png  used on input line 
234.
(pdftex.def)             Requested size: 17.23965pt x 14.22636pt.

[18

]
File: media/aesthetics/logotipoifsc.png Graphic file (type png)
<use media/aesthetics/logotipoifsc.png>
Package pdftex.def Info: media/aesthetics/logotipoifsc.png  used on input line 
252.
(pdftex.def)             Requested size: 17.23965pt x 14.22636pt.
 [19

]
File: media/aesthetics/logotipoifsc.png Graphic file (type png)
<use media/aesthetics/logotipoifsc.png>
Package pdftex.def Info: media/aesthetics/logotipoifsc.png  used on input line 
261.
(pdftex.def)             Requested size: 17.23965pt x 14.22636pt.
 [20

]
File: media/aesthetics/logotipoifsc.png Graphic file (type png)
<use media/aesthetics/logotipoifsc.png>
Package pdftex.def Info: media/aesthetics/logotipoifsc.png  used on input line 
275.
(pdftex.def)             Requested size: 17.23965pt x 14.22636pt.
 [21

]
File: media/aesthetics/logotipoifsc.png Graphic file (type png)
<use media/aesthetics/logotipoifsc.png>
Package pdftex.def Info: media/aesthetics/logotipoifsc.png  used on input line 
338.
(pdftex.def)             Requested size: 17.23965pt x 14.22636pt.
 [22

]
File: media/aesthetics/logotipoifsc.png Graphic file (type png)
<use media/aesthetics/logotipoifsc.png>
Package pdftex.def Info: media/aesthetics/logotipoifsc.png  used on input line 
338.
(pdftex.def)             Requested size: 17.23965pt x 14.22636pt.
 [23

]
File: media/aesthetics/logotipoifsc.png Graphic file (type png)
<use media/aesthetics/logotipoifsc.png>
Package pdftex.def Info: media/aesthetics/logotipoifsc.png  used on input line 
338.
(pdftex.def)             Requested size: 17.23965pt x 14.22636pt.
 [24

]
File: media/aesthetics/logotipoifsc.png Graphic file (type png)
<use media/aesthetics/logotipoifsc.png>
Package pdftex.def Info: media/aesthetics/logotipoifsc.png  used on input line 
338.
(pdftex.def)             Requested size: 17.23965pt x 14.22636pt.
 [25

]
Overfull \vbox (24.1318pt too high) detected at line 338
 []

File: media/aesthetics/logotipoifsc.png Graphic file (type png)
<use media/aesthetics/logotipoifsc.png>
Package pdftex.def Info: media/aesthetics/logotipoifsc.png  used on input line 
338.
(pdftex.def)             Requested size: 17.23965pt x 14.22636pt.
[26

]
File: media/aesthetics/logotipoifsc.png Graphic file (type png)
<use media/aesthetics/logotipoifsc.png>
Package pdftex.def Info: media/aesthetics/logotipoifsc.png  used on input line 
338.
(pdftex.def)             Requested size: 17.23965pt x 14.22636pt.
 [27

]
File: media/aesthetics/logotipoifsc.png Graphic file (type png)
<use media/aesthetics/logotipoifsc.png>
Package pdftex.def Info: media/aesthetics/logotipoifsc.png  used on input line 
371.
(pdftex.def)             Requested size: 17.23965pt x 14.22636pt.
 [28

]
File: media/aesthetics/logotipoifsc.png Graphic file (type png)
<use media/aesthetics/logotipoifsc.png>
Package pdftex.def Info: media/aesthetics/logotipoifsc.png  used on input line 
371.
(pdftex.def)             Requested size: 17.23965pt x 14.22636pt.
 [29

]
File: media/aesthetics/logotipoifsc.png Graphic file (type png)
<use media/aesthetics/logotipoifsc.png>
Package pdftex.def Info: media/aesthetics/logotipoifsc.png  used on input line 
371.
(pdftex.def)             Requested size: 17.23965pt x 14.22636pt.
 [30

]
File: media/aesthetics/logotipoifsc.png Graphic file (type png)
<use media/aesthetics/logotipoifsc.png>
Package pdftex.def Info: media/aesthetics/logotipoifsc.png  used on input line 
382.
(pdftex.def)             Requested size: 17.23965pt x 14.22636pt.
 [31

]
File: media/aesthetics/logotipoifsc.png Graphic file (type png)
<use media/aesthetics/logotipoifsc.png>
Package pdftex.def Info: media/aesthetics/logotipoifsc.png  used on input line 
558.
(pdftex.def)             Requested size: 17.23965pt x 14.22636pt.
 [32

]
File: media/aesthetics/logotipoifsc.png Graphic file (type png)
<use media/aesthetics/logotipoifsc.png>
Package pdftex.def Info: media/aesthetics/logotipoifsc.png  used on input line 
558.
(pdftex.def)             Requested size: 17.23965pt x 14.22636pt.
 [33

]
File: media/aesthetics/logotipoifsc.png Graphic file (type png)
<use media/aesthetics/logotipoifsc.png>
Package pdftex.def Info: media/aesthetics/logotipoifsc.png  used on input line 
596.
(pdftex.def)             Requested size: 17.23965pt x 14.22636pt.
 [34

] (./v3.toc)
File: ./media/aesthetics/AstecDiamond.png Graphic file (type png)
<use ./media/aesthetics/AstecDiamond.png>
Package pdftex.def Info: ./media/aesthetics/AstecDiamond.png  used on input lin
e 602.
(pdftex.def)             Requested size: 364.19536pt x 292.04013pt.
File: media/aesthetics/logotipoifsc.png Graphic file (type png)
<use media/aesthetics/logotipoifsc.png>
Package pdftex.def Info: media/aesthetics/logotipoifsc.png  used on input line 
602.
(pdftex.def)             Requested size: 17.23965pt x 14.22636pt.
 [35

]
File: media/aesthetics/logotipoifsc.png Graphic file (type png)
<use media/aesthetics/logotipoifsc.png>
Package pdftex.def Info: media/aesthetics/logotipoifsc.png  used on input line 
617.
(pdftex.def)             Requested size: 17.23965pt x 14.22636pt.
 [36

]
File: media/aesthetics/logotipoifsc.png Graphic file (type png)
<use media/aesthetics/logotipoifsc.png>
Package pdftex.def Info: media/aesthetics/logotipoifsc.png  used on input line 
617.
(pdftex.def)             Requested size: 17.23965pt x 14.22636pt.
 [37

]
File: media/aesthetics/logotipoifsc.png Graphic file (type png)
<use media/aesthetics/logotipoifsc.png>
Package pdftex.def Info: media/aesthetics/logotipoifsc.png  used on input line 
617.
(pdftex.def)             Requested size: 17.23965pt x 14.22636pt.
 [38

]

LaTeX Font Warning: Font shape `OT1/cmr/m/scit' undefined
(Font)              using `OT1/cmr/m/it' instead on input line 670.

LaTeX Font Info:    Font shape `OT1/cmss/b/n' in size <10> not available
(Font)              Font shape `OT1/cmss/bx/n' tried instead on input line 670.

LaTeX Font Info:    Font shape `OT1/cmss/b/n' in size <7> not available
(Font)              Font shape `OT1/cmss/bx/n' tried instead on input line 670.

LaTeX Font Info:    Font shape `OT1/cmss/b/n' in size <5> not available
(Font)              Font shape `OT1/cmss/bx/n' tried instead on input line 670.

File: media/aesthetics/logotipoifsc.png Graphic file (type png)
<use media/aesthetics/logotipoifsc.png>
Package pdftex.def Info: media/aesthetics/logotipoifsc.png  used on input line 
670.
(pdftex.def)             Requested size: 17.23965pt x 14.22636pt.
[39

]

LaTeX Font Warning: Font shape `OT1/cmr/m/scit' undefined
(Font)              using `OT1/cmr/m/it' instead on input line 670.

File: media/aesthetics/logotipoifsc.png Graphic file (type png)
<use media/aesthetics/logotipoifsc.png>
Package pdftex.def Info: media/aesthetics/logotipoifsc.png  used on input line 
670.
(pdftex.def)             Requested size: 17.23965pt x 14.22636pt.
[40

]
File: media/aesthetics/logotipoifsc.png Graphic file (type png)
<use media/aesthetics/logotipoifsc.png>
Package pdftex.def Info: media/aesthetics/logotipoifsc.png  used on input line 
670.
(pdftex.def)             Requested size: 17.23965pt x 14.22636pt.
 [41

]
File: media/aesthetics/logotipoifsc.png Graphic file (type png)
<use media/aesthetics/logotipoifsc.png>
Package pdftex.def Info: media/aesthetics/logotipoifsc.png  used on input line 
695.
(pdftex.def)             Requested size: 17.23965pt x 14.22636pt.
 [42

]
File: media/aesthetics/logotipoifsc.png Graphic file (type png)
<use media/aesthetics/logotipoifsc.png>
Package pdftex.def Info: media/aesthetics/logotipoifsc.png  used on input line 
695.
(pdftex.def)             Requested size: 17.23965pt x 14.22636pt.
 [43

]
File: media/aesthetics/logotipoifsc.png Graphic file (type png)
<use media/aesthetics/logotipoifsc.png>
Package pdftex.def Info: media/aesthetics/logotipoifsc.png  used on input line 
712.
(pdftex.def)             Requested size: 17.23965pt x 14.22636pt.
 [44

]
File: media/aesthetics/logotipoifsc.png Graphic file (type png)
<use media/aesthetics/logotipoifsc.png>
Package pdftex.def Info: media/aesthetics/logotipoifsc.png  used on input line 
712.
(pdftex.def)             Requested size: 17.23965pt x 14.22636pt.
 [45

]
File: media/aesthetics/logotipoifsc.png Graphic file (type png)
<use media/aesthetics/logotipoifsc.png>
Package pdftex.def Info: media/aesthetics/logotipoifsc.png  used on input line 
740.
(pdftex.def)             Requested size: 17.23965pt x 14.22636pt.
 [46

]
File: media/aesthetics/logotipoifsc.png Graphic file (type png)
<use media/aesthetics/logotipoifsc.png>
Package pdftex.def Info: media/aesthetics/logotipoifsc.png  used on input line 
740.
(pdftex.def)             Requested size: 17.23965pt x 14.22636pt.
 [47

] (./v3.toc)
File: ./media/aesthetics/AstecDiamond.png Graphic file (type png)
<use ./media/aesthetics/AstecDiamond.png>
Package pdftex.def Info: ./media/aesthetics/AstecDiamond.png  used on input lin
e 746.
(pdftex.def)             Requested size: 364.19536pt x 292.04013pt.
File: media/aesthetics/logotipoifsc.png Graphic file (type png)
<use media/aesthetics/logotipoifsc.png>
Package pdftex.def Info: media/aesthetics/logotipoifsc.png  used on input line 
746.
(pdftex.def)             Requested size: 17.23965pt x 14.22636pt.
 [48

]
File: media/aesthetics/logotipoifsc.png Graphic file (type png)
<use media/aesthetics/logotipoifsc.png>
Package pdftex.def Info: media/aesthetics/logotipoifsc.png  used on input line 
784.
(pdftex.def)             Requested size: 17.23965pt x 14.22636pt.
 [49

]
File: media/aesthetics/logotipoifsc.png Graphic file (type png)
<use media/aesthetics/logotipoifsc.png>
Package pdftex.def Info: media/aesthetics/logotipoifsc.png  used on input line 
784.
(pdftex.def)             Requested size: 17.23965pt x 14.22636pt.
 [50

]
File: media/aesthetics/logotipoifsc.png Graphic file (type png)
<use media/aesthetics/logotipoifsc.png>
Package pdftex.def Info: media/aesthetics/logotipoifsc.png  used on input line 
784.
(pdftex.def)             Requested size: 17.23965pt x 14.22636pt.
 [51

]
File: media/aesthetics/logotipoifsc.png Graphic file (type png)
<use media/aesthetics/logotipoifsc.png>
Package pdftex.def Info: media/aesthetics/logotipoifsc.png  used on input line 
784.
(pdftex.def)             Requested size: 17.23965pt x 14.22636pt.
 [52

]
File: media/aesthetics/logotipoifsc.png Graphic file (type png)
<use media/aesthetics/logotipoifsc.png>
Package pdftex.def Info: media/aesthetics/logotipoifsc.png  used on input line 
820.
(pdftex.def)             Requested size: 17.23965pt x 14.22636pt.

[53

]
<./media/Results/validationGaussianTracy.png, id=2715, 1157.0427pt x 633.8079pt
>
File: ./media/Results/validationGaussianTracy.png Graphic file (type png)
<use ./media/Results/validationGaussianTracy.png>
Package pdftex.def Info: ./media/Results/validationGaussianTracy.png  used on i
nput line 820.
(pdftex.def)             Requested size: 309.77368pt x 169.68942pt.


LaTeX Font Warning: Font shape `OT1/cmss/m/sc' in size <9> not available
(Font)              Font shape `OT1/cmr/m/sc' tried instead on input line 820.


Overfull \vbox (6.03671pt too high) detected at line 820
 []

File: media/aesthetics/logotipoifsc.png Graphic file (type png)
<use media/aesthetics/logotipoifsc.png>
Package pdftex.def Info: media/aesthetics/logotipoifsc.png  used on input line 
820.
(pdftex.def)             Requested size: 17.23965pt x 14.22636pt.
[54

 <./media/Results/validationGaussianTracy.png>]
File: media/aesthetics/logotipoifsc.png Graphic file (type png)
<use media/aesthetics/logotipoifsc.png>
Package pdftex.def Info: media/aesthetics/logotipoifsc.png  used on input line 
844.
(pdftex.def)             Requested size: 17.23965pt x 14.22636pt.
 [55

]
<./media/Results/monic.png, id=2806, 1156.32pt x 583.2189pt>
File: ./media/Results/monic.png Graphic file (type png)
<use ./media/Results/monic.png>
Package pdftex.def Info: ./media/Results/monic.png  used on input line 844.
(pdftex.def)             Requested size: 309.77368pt x 156.23422pt.
File: media/aesthetics/logotipoifsc.png Graphic file (type png)
<use media/aesthetics/logotipoifsc.png>
Package pdftex.def Info: media/aesthetics/logotipoifsc.png  used on input line 
844.
(pdftex.def)             Requested size: 17.23965pt x 14.22636pt.
 [56

 <./media/Results/monic.png>]pdfTeX warning (ext4): destination with the same i
dentifier (name{Equa\303\247\303\243o:\040Quartico\040+}) has been already used
, duplicate ignored
<to be read again> 
                   \relax 
l.875 \end{frame}
                 pdfTeX warning (ext4): destination with the same identifier (n
ame{Equa\303\247\303\243o:\040Quartico\040-}) has been already used, duplicate 
ignored
<to be read again> 
                   \relax 
l.875 \end{frame}
                 
File: media/aesthetics/logotipoifsc.png Graphic file (type png)
<use media/aesthetics/logotipoifsc.png>
Package pdftex.def Info: media/aesthetics/logotipoifsc.png  used on input line 
875.
(pdftex.def)             Requested size: 17.23965pt x 14.22636pt.
 [57

]
<./media/Results/quartic.png, id=2892, 1156.32pt x 583.2189pt>
File: ./media/Results/quartic.png Graphic file (type png)
<use ./media/Results/quartic.png>
Package pdftex.def Info: ./media/Results/quartic.png  used on input line 875.
(pdftex.def)             Requested size: 309.77368pt x 156.23422pt.
File: media/aesthetics/logotipoifsc.png Graphic file (type png)
<use media/aesthetics/logotipoifsc.png>
Package pdftex.def Info: media/aesthetics/logotipoifsc.png  used on input line 
875.
(pdftex.def)             Requested size: 17.23965pt x 14.22636pt.
 [58

 <./media/Results/quartic.png>]
File: media/aesthetics/logotipoifsc.png Graphic file (type png)
<use media/aesthetics/logotipoifsc.png>
Package pdftex.def Info: media/aesthetics/logotipoifsc.png  used on input line 
893.
(pdftex.def)             Requested size: 17.23965pt x 14.22636pt.
 [59

]
<./media/Results/complexPotential.png, id=2981, 624.4128pt x 320.1561pt>
File: ./media/Results/complexPotential.png Graphic file (type png)
<use ./media/Results/complexPotential.png>
Package pdftex.def Info: ./media/Results/complexPotential.png  used on input li
ne 893.
(pdftex.def)             Requested size: 344.19533pt x 176.4772pt.

Overfull \vbox (1.8245pt too high) detected at line 893
 []

File: media/aesthetics/logotipoifsc.png Graphic file (type png)
<use media/aesthetics/logotipoifsc.png>
Package pdftex.def Info: media/aesthetics/logotipoifsc.png  used on input line 
893.
(pdftex.def)             Requested size: 17.23965pt x 14.22636pt.
[60

 <./media/Results/complexPotential.png>]
File: media/aesthetics/logotipoifsc.png Graphic file (type png)
<use media/aesthetics/logotipoifsc.png>
Package pdftex.def Info: media/aesthetics/logotipoifsc.png  used on input line 
935.
(pdftex.def)             Requested size: 17.23965pt x 14.22636pt.
 [61

]
<./media/Results/allshapes.png, id=3071, 1387.584pt x 734.9859pt>
File: ./media/Results/allshapes.png Graphic file (type png)
<use ./media/Results/allshapes.png>
Package pdftex.def Info: ./media/Results/allshapes.png  used on input line 935.

(pdftex.def)             Requested size: 344.19533pt x 182.3105pt.

Overfull \vbox (7.65779pt too high) detected at line 935
 []

File: media/aesthetics/logotipoifsc.png Graphic file (type png)
<use media/aesthetics/logotipoifsc.png>
Package pdftex.def Info: media/aesthetics/logotipoifsc.png  used on input line 
935.
(pdftex.def)             Requested size: 17.23965pt x 14.22636pt.
[62

 <./media/Results/allshapes.png>]
<./media/Results/allshapesalt.png, id=3115, 1387.584pt x 734.9859pt>
File: ./media/Results/allshapesalt.png Graphic file (type png)
<use ./media/Results/allshapesalt.png>
Package pdftex.def Info: ./media/Results/allshapesalt.png  used on input line 9
35.
(pdftex.def)             Requested size: 344.19533pt x 182.3105pt.

Overfull \vbox (7.65779pt too high) detected at line 935
 []

File: media/aesthetics/logotipoifsc.png Graphic file (type png)
<use media/aesthetics/logotipoifsc.png>
Package pdftex.def Info: media/aesthetics/logotipoifsc.png  used on input line 
935.
(pdftex.def)             Requested size: 17.23965pt x 14.22636pt.
[63

 <./media/Results/allshapesalt.png>]
<./media/Results/diagram.png, id=3160, 337.86224pt x 240.6591pt>
File: ./media/Results/diagram.png Graphic file (type png)
<use ./media/Results/diagram.png>
Package pdftex.def Info: ./media/Results/diagram.png  used on input line 935.
(pdftex.def)             Requested size: 240.93567pt x 171.61827pt.
File: media/aesthetics/logotipoifsc.png Graphic file (type png)
<use media/aesthetics/logotipoifsc.png>
Package pdftex.def Info: media/aesthetics/logotipoifsc.png  used on input line 
935.
(pdftex.def)             Requested size: 17.23965pt x 14.22636pt.
 [64

 <./media/Results/Diagram.png>]
<./media/Results/mashedshapesalt.png, id=3208, 644.4075pt x 472.76625pt>
File: ./media/Results/mashedshapesalt.png Graphic file (type png)
<use ./media/Results/mashedshapesalt.png>
Package pdftex.def Info: ./media/Results/mashedshapesalt.png  used on input lin
e 935.
(pdftex.def)             Requested size: 206.51929pt x 151.51192pt.
File: media/aesthetics/logotipoifsc.png Graphic file (type png)
<use media/aesthetics/logotipoifsc.png>
Package pdftex.def Info: media/aesthetics/logotipoifsc.png  used on input line 
935.
(pdftex.def)             Requested size: 17.23965pt x 14.22636pt.

[65

 <./media/Results/mashedshapesalt.png>] (./v3.toc)
File: ./media/aesthetics/AstecDiamond.png Graphic file (type png)
<use ./media/aesthetics/AstecDiamond.png>
Package pdftex.def Info: ./media/aesthetics/AstecDiamond.png  used on input lin
e 940.
(pdftex.def)             Requested size: 364.19536pt x 292.04013pt.
File: media/aesthetics/logotipoifsc.png Graphic file (type png)
<use media/aesthetics/logotipoifsc.png>
Package pdftex.def Info: media/aesthetics/logotipoifsc.png  used on input line 
940.
(pdftex.def)             Requested size: 17.23965pt x 14.22636pt.
 [66

]
File: media/aesthetics/logotipoifsc.png Graphic file (type png)
<use media/aesthetics/logotipoifsc.png>
Package pdftex.def Info: media/aesthetics/logotipoifsc.png  used on input line 
953.
(pdftex.def)             Requested size: 17.23965pt x 14.22636pt.
 [67

]
File: media/aesthetics/logotipoifsc.png Graphic file (type png)
<use media/aesthetics/logotipoifsc.png>
Package pdftex.def Info: media/aesthetics/logotipoifsc.png  used on input line 
953.
(pdftex.def)             Requested size: 17.23965pt x 14.22636pt.
 [68

]
File: media/aesthetics/logotipoifsc.png Graphic file (type png)
<use media/aesthetics/logotipoifsc.png>
Package pdftex.def Info: media/aesthetics/logotipoifsc.png  used on input line 
953.
(pdftex.def)             Requested size: 17.23965pt x 14.22636pt.
 [69

]
File: media/aesthetics/logotipoifsc.png Graphic file (type png)
<use media/aesthetics/logotipoifsc.png>
Package pdftex.def Info: media/aesthetics/logotipoifsc.png  used on input line 
953.
(pdftex.def)             Requested size: 17.23965pt x 14.22636pt.

[70

] (./v3.bbl)
File: media/aesthetics/logotipoifsc.png Graphic file (type png)
<use media/aesthetics/logotipoifsc.png>
Package pdftex.def Info: media/aesthetics/logotipoifsc.png  used on input line 
961.
(pdftex.def)             Requested size: 17.23965pt x 14.22636pt.
 [71

 </usr/share/texlive/texmf-dist/tex/latex/beamer/beamericonarticle.pdf>]
<./media/aesthetics/mealt.png, id=3523, 1907.125pt x 674.52pt>
File: ./media/aesthetics/mealt.png Graphic file (type png)
<use ./media/aesthetics/mealt.png>
Package pdftex.def Info: ./media/aesthetics/mealt.png  used on input line 981.
(pdftex.def)             Requested size: 309.77368pt x 109.56187pt.
File: media/aesthetics/logotipoifsc.png Graphic file (type png)
<use media/aesthetics/logotipoifsc.png>
Package pdftex.def Info: media/aesthetics/logotipoifsc.png  used on input line 
981.
(pdftex.def)             Requested size: 17.23965pt x 14.22636pt.
 [72

 <./media/aesthetics/mealt.png>]
<./media/aesthetics/CuteCircleWhite.png, id=3565, 604.2575pt x 444.66125pt>
File: ./media/aesthetics/CuteCircleWhite.png Graphic file (type png)
<use ./media/aesthetics/CuteCircleWhite.png>
Package pdftex.def Info: ./media/aesthetics/CuteCircleWhite.png  used on input 
line 992.
(pdftex.def)             Requested size: 364.19536pt x 268.00653pt.
File: media/aesthetics/logotipoifsc.png Graphic file (type png)
<use media/aesthetics/logotipoifsc.png>
Package pdftex.def Info: media/aesthetics/logotipoifsc.png  used on input line 
992.
(pdftex.def)             Requested size: 17.23965pt x 14.22636pt.
 [73

 <./media/aesthetics/CuteCircleWhite.png>]
<./media/Results/roots.png, id=3583, 1084.05pt x 583.2189pt>
File: ./media/Results/roots.png Graphic file (type png)
<use ./media/Results/roots.png>
Package pdftex.def Info: ./media/Results/roots.png  used on input line 1002.
(pdftex.def)             Requested size: 309.77368pt x 166.65517pt.

Overfull \vbox (3.00246pt too high) detected at line 1002
 []

File: media/aesthetics/logotipoifsc.png Graphic file (type png)
<use media/aesthetics/logotipoifsc.png>
Package pdftex.def Info: media/aesthetics/logotipoifsc.png  used on input line 
1002.
(pdftex.def)             Requested size: 17.23965pt x 14.22636pt.
[74

 <./media/Results/roots.png>]
File: ./media/aesthetics/CuteCircleWhite.png Graphic file (type png)
<use ./media/aesthetics/CuteCircleWhite.png>
Package pdftex.def Info: ./media/aesthetics/CuteCircleWhite.png  used on input 
line 1010.
(pdftex.def)             Requested size: 364.19536pt x 268.00653pt.
File: media/aesthetics/logotipoifsc.png Graphic file (type png)
<use media/aesthetics/logotipoifsc.png>
Package pdftex.def Info: media/aesthetics/logotipoifsc.png  used on input line 
1010.
(pdftex.def)             Requested size: 17.23965pt x 14.22636pt.
 [75

]
File: media/aesthetics/logotipoifsc.png Graphic file (type png)
<use media/aesthetics/logotipoifsc.png>
Package pdftex.def Info: media/aesthetics/logotipoifsc.png  used on input line 
1117.
(pdftex.def)             Requested size: 17.23965pt x 14.22636pt.
 [76

]
File: media/aesthetics/logotipoifsc.png Graphic file (type png)
<use media/aesthetics/logotipoifsc.png>
Package pdftex.def Info: media/aesthetics/logotipoifsc.png  used on input line 
1117.
(pdftex.def)             Requested size: 17.23965pt x 14.22636pt.
 [77

]
File: media/aesthetics/logotipoifsc.png Graphic file (type png)
<use media/aesthetics/logotipoifsc.png>
Package pdftex.def Info: media/aesthetics/logotipoifsc.png  used on input line 
1117.
(pdftex.def)             Requested size: 17.23965pt x 14.22636pt.
 [78

]
File: media/aesthetics/logotipoifsc.png Graphic file (type png)
<use media/aesthetics/logotipoifsc.png>
Package pdftex.def Info: media/aesthetics/logotipoifsc.png  used on input line 
1117.
(pdftex.def)             Requested size: 17.23965pt x 14.22636pt.
 [79

]
File: media/aesthetics/logotipoifsc.png Graphic file (type png)
<use media/aesthetics/logotipoifsc.png>
Package pdftex.def Info: media/aesthetics/logotipoifsc.png  used on input line 
1117.
(pdftex.def)             Requested size: 17.23965pt x 14.22636pt.
 [80

]
File: media/aesthetics/logotipoifsc.png Graphic file (type png)
<use media/aesthetics/logotipoifsc.png>
Package pdftex.def Info: media/aesthetics/logotipoifsc.png  used on input line 
1117.
(pdftex.def)             Requested size: 17.23965pt x 14.22636pt.
 [81

]
File: media/aesthetics/logotipoifsc.png Graphic file (type png)
<use media/aesthetics/logotipoifsc.png>
Package pdftex.def Info: media/aesthetics/logotipoifsc.png  used on input line 
1117.
(pdftex.def)             Requested size: 17.23965pt x 14.22636pt.
 [82

]
File: media/aesthetics/logotipoifsc.png Graphic file (type png)
<use media/aesthetics/logotipoifsc.png>
Package pdftex.def Info: media/aesthetics/logotipoifsc.png  used on input line 
1117.
(pdftex.def)             Requested size: 17.23965pt x 14.22636pt.

[83

]
File: media/aesthetics/logotipoifsc.png Graphic file (type png)
<use media/aesthetics/logotipoifsc.png>
Package pdftex.def Info: media/aesthetics/logotipoifsc.png  used on input line 
1117.
(pdftex.def)             Requested size: 17.23965pt x 14.22636pt.
 [84

]
File: media/aesthetics/logotipoifsc.png Graphic file (type png)
<use media/aesthetics/logotipoifsc.png>
Package pdftex.def Info: media/aesthetics/logotipoifsc.png  used on input line 
1117.
(pdftex.def)             Requested size: 17.23965pt x 14.22636pt.
 [85

]
File: media/aesthetics/logotipoifsc.png Graphic file (type png)
<use media/aesthetics/logotipoifsc.png>
Package pdftex.def Info: media/aesthetics/logotipoifsc.png  used on input line 
1117.
(pdftex.def)             Requested size: 17.23965pt x 14.22636pt.
 [86

]
File: media/aesthetics/logotipoifsc.png Graphic file (type png)
<use media/aesthetics/logotipoifsc.png>
Package pdftex.def Info: media/aesthetics/logotipoifsc.png  used on input line 
1117.
(pdftex.def)             Requested size: 17.23965pt x 14.22636pt.
 [87

]
File: media/aesthetics/logotipoifsc.png Graphic file (type png)
<use media/aesthetics/logotipoifsc.png>
Package pdftex.def Info: media/aesthetics/logotipoifsc.png  used on input line 
1117.
(pdftex.def)             Requested size: 17.23965pt x 14.22636pt.
 [88

]
\tf@nav=\write6
\openout6 = `v3.nav'.

\tf@toc=\write7
\openout7 = `v3.toc'.

\tf@snm=\write8
\openout8 = `v3.snm'.

 (./v3.aux)

LaTeX Warning: There were multiply-defined labels.

Package rerunfilecheck Info: File `v3.out' has not changed.
(rerunfilecheck)             Checksum: 0B24D5049B89D8B638172E2EBF59F295;2343.
 ) 
Here is how much of TeX's memory you used:
 32048 strings out of 478287
 658755 string characters out of 5849290
 970786 words of memory out of 5000000
 49329 multiletter control sequences out of 15000+600000
 493580 words of font info for 110 fonts, out of 8000000 for 9000
 1141 hyphenation exceptions out of 8191
 133i,22n,125p,403b,870s stack positions out of 5000i,500n,10000p,200000b,80000s
</usr/share/texlive/texmf-dist/fonts/type1/public/bbold-type1/bbold10.pfb></u
sr/share/texlive/texmf-dist/fonts/type1/public/bbold-type1/bbold7.pfb></usr/sha
re/texlive/texmf-dist/fonts/type1/public/amsfonts/cm/cmbsy10.pfb></usr/share/te
xlive/texmf-dist/fonts/type1/public/amsfonts/cm/cmcsc10.pfb></usr/share/texlive
/texmf-dist/fonts/type1/public/amsfonts/cm/cmex10.pfb></usr/share/texlive/texmf
-dist/fonts/type1/public/amsfonts/cm/cmmi10.pfb></usr/share/texlive/texmf-dist/
fonts/type1/public/amsfonts/cm/cmmi5.pfb></usr/share/texlive/texmf-dist/fonts/t
ype1/public/amsfonts/cm/cmmi7.pfb></usr/share/texlive/texmf-dist/fonts/type1/pu
blic/amsfonts/cm/cmmi9.pfb></usr/share/texlive/texmf-dist/fonts/type1/public/am
sfonts/cm/cmr10.pfb></usr/share/texlive/texmf-dist/fonts/type1/public/amsfonts/
cm/cmss10.pfb></usr/share/texlive/texmf-dist/fonts/type1/public/amsfonts/cm/cms
s12.pfb></usr/share/texlive/texmf-dist/fonts/type1/public/amsfonts/cm/cmss17.pf
b></usr/share/texlive/texmf-dist/fonts/type1/public/amsfonts/cm/cmss8.pfb></usr
/share/texlive/texmf-dist/fonts/type1/public/amsfonts/cm/cmss9.pfb></usr/share/
texlive/texmf-dist/fonts/type1/public/amsfonts/cm/cmssi10.pfb></usr/share/texli
ve/texmf-dist/fonts/type1/public/amsfonts/cm/cmssi12.pfb></usr/share/texlive/te
xmf-dist/fonts/type1/public/amsfonts/cm/cmssi8.pfb></usr/share/texlive/texmf-di
st/fonts/type1/public/amsfonts/cm/cmssi9.pfb></usr/share/texlive/texmf-dist/fon
ts/type1/public/amsfonts/cm/cmsy10.pfb></usr/share/texlive/texmf-dist/fonts/typ
e1/public/amsfonts/cm/cmsy5.pfb></usr/share/texlive/texmf-dist/fonts/type1/publ
ic/amsfonts/cm/cmsy7.pfb></usr/share/texlive/texmf-dist/fonts/type1/public/amsf
onts/cm/cmsy8.pfb></usr/share/texlive/texmf-dist/fonts/type1/public/amsfonts/cm
/cmti12.pfb>
Output written on v3.pdf (88 pages, 8954226 bytes).
PDF statistics:
 3895 PDF objects out of 4296 (max. 8388607)
 3510 compressed objects within 36 object streams
 201 named destinations out of 1000 (max. 500000)
 1031 words of extra memory for PDF output out of 10000 (max. 10000000)

