This is pdfTeX, Version 3.141592653-2.6-1.40.27 (TeX Live 2026/dev/Arch Linux) (preloaded format=pdflatex 2025.8.27)  30 AUG 2025 15:31
entering extended mode
 restricted \write18 enabled.
 %&-line parsing enabled.
**LaplaceLemma.tex
(./LaplaceLemma.tex
LaTeX2e <2024-11-01> patch level 2
L3 programming layer <2025-01-18>
)
! Emergency stop.
<*> LaplaceLemma.tex
                    
*** (job aborted, no legal \end found)

 
Here is how much of TeX's memory you used:
 14 strings out of 473190
 383 string characters out of 5722593
 391985 words of memory out of 5000000
 23367 multiletter control sequences out of 15000+600000
 558837 words of font info for 36 fonts, out of 8000000 for 9000
 1141 hyphenation exceptions out of 8191
 12i,0n,13p,48b,8s stack positions out of 10000i,1000n,20000p,200000b,200000s
!  ==> Fatal error occurred, no output PDF file produced!
