\BOOKMARK [0][-]{chapter.1}{\376\377\000I\000n\000t\000r\000o\000d\000u\000\347\000\343\000o}{}% 1
\BOOKMARK [1][-]{section.1.1}{\376\377\000F\000\355\000s\000i\000c\000a\000\040\000E\000s\000t\000a\000t\000\355\000s\000t\000i\000c\000a}{chapter.1}% 2
\BOOKMARK [2][-]{subsection.1.1.1}{\376\377\000E\000n\000t\000r\000o\000p\000i\000a\000\040\000d\000e\000\040\000S\000h\000a\000n\000n\000o\000n}{section.1.1}% 3
\BOOKMARK [2][-]{subsection.1.1.2}{\376\377\000O\000\040\000e\000n\000s\000e\000m\000b\000l\000e\000\040\000M\000i\000c\000r\000o\000-\000C\000a\000n\000\364\000n\000i\000c\000o}{section.1.1}% 4
\BOOKMARK [2][-]{subsection.1.1.3}{\376\377\000O\000\040\000e\000n\000s\000e\000m\000b\000l\000e\000\040\000C\000a\000n\000\364\000n\000i\000c\000o}{section.1.1}% 5
\BOOKMARK [2][-]{subsection.1.1.4}{\376\377\000O\000\040\000e\000n\000s\000e\000m\000b\000l\000e\000\040\000G\000r\000\343\000o\000\040\000C\000a\000n\000\364\000n\000i\000c\000o}{section.1.1}% 6
\BOOKMARK [1][-]{section.1.2}{\376\377\000P\000o\000r\000q\000u\000\352\000\040\000e\000x\000p\000o\000n\000e\000n\000c\000i\000a\000l\000?}{chapter.1}% 7
\BOOKMARK [2][-]{subsection.1.2.1}{\376\377\000S\000h\000a\000n\000n\000o\000n\000-\000Q\000u\000e\000m\000?}{section.1.2}% 8
\BOOKMARK [1][-]{section.1.3}{\376\377\000I\000n\000d\000e\000p\000e\000n\000d\000\352\000n\000c\000i\000a\000\040\000o\000u\000\040\000M\000o\000r\000t\000e}{chapter.1}% 9
\BOOKMARK [1][-]{section.1.4}{\376\377\000U\000m\000a\000\040\000m\000e\000d\000i\000d\000a\000\040\000\340\000\040\000H\000e\000r\000m\000i\000t\000i\000a\000n\000a}{chapter.1}% 10
\BOOKMARK [0][-]{chapter.2}{\376\377\000M\000o\000v\000i\000m\000e\000n\000t\000o\000\040\000B\000r\000o\000w\000n\000i\000a\000n\000o}{}% 11
\BOOKMARK [1][-]{section.2.1}{\376\377\000P\000r\000o\000c\000e\000s\000s\000o\000\040\000P\000o\000n\000t\000u\000a\000l}{chapter.2}% 12
\BOOKMARK [2][-]{subsection.2.1.1}{\376\377\000P\000o\000i\000s\000s\000o\000n\000\040\000\046\000\040\000f\000r\000i\000e\000s}{section.2.1}% 13
\BOOKMARK [2][-]{subsection.2.1.2}{\376\377\000F\000u\000n\000c\000\343\000o\000\040\000C\000o\000r\000r\000e\000l\000a\000\347\000\343\000o}{section.2.1}% 14
\BOOKMARK [2][-]{subsection.2.1.3}{\376\377\000P\000o\000n\000t\000u\000a\000l\000\040\000D\000e\000t\000e\000r\000m\000i\000n\000a\000n\000t\000e}{section.2.1}% 15
\BOOKMARK [1][-]{section.2.2}{\376\377\000E\000m\000s\000e\000m\000b\000l\000e\000\040\000B\000i\000o\000r\000t\000o\000g\000o\000n\000a\000l}{chapter.2}% 16
\BOOKMARK [1][-]{section.2.3}{\376\377\000K\000a\000r\000l\000i\000n\000-\000M\000c\000G\000r\000e\000g\000o\000r}{chapter.2}% 17
\BOOKMARK [2][-]{subsection.2.3.1}{\376\377\000O\000\040\000t\000e\000o\000r\000e\000m\000a}{section.2.3}% 18
\BOOKMARK [2][-]{subsection.2.3.2}{\376\377\000C\000o\000n\000s\000e\000q\000u\000\352\000n\000c\000i\000a\000s}{section.2.3}% 19
\BOOKMARK [0][-]{appendix.A}{\376\377\000T\000r\000a\000n\000s\000f\000o\000r\000m\000a\000\347\000\343\000o\000\040\000L\000e\000g\000e\000n\000d\000r\000e}{}% 20
\BOOKMARK [1][-]{section.A.1}{\376\377\000T\000a\000n\000g\000e\000n\000t\000e\000s}{appendix.A}% 21
\BOOKMARK [1][-]{section.A.2}{\376\377\000O\000t\000i\000m\000i\000z\000a\000\347\000\343\000o}{appendix.A}% 22
\BOOKMARK [0][-]{appendix.B}{\376\377\000S\000o\000m\000a\000\040\000A\000s\000s\000i\000n\000t\000\363\000t\000i\000c\000a\000s}{}% 23
\BOOKMARK [0][-]{appendix.C}{\376\377\000D\000e\000t\000\040\000V\000a\000n\000d\000e\000r\000m\000o\000n\000d\000e}{}% 24
