\BOOKMARK [0][-]{chapter*.1}{\376\377\000I\000n\000f\000o\000r\000m\000a\000\347\000\365\000e\000s\000\040\000G\000e\000r\000a\000i\000s\000\040\000d\000o\000\040\000P\000r\000o\000j\000e\000t\000o}{}% 1
\BOOKMARK [0][-]{chapter*.1}{\376\377\000R\000e\000s\000u\000m\000o}{}% 2
\BOOKMARK [0][-]{chapter.1}{\376\377\000R\000e\000a\000l\000i\000z\000a\000\347\000\365\000e\000s\000\040\000d\000o\000\040\000p\000e\000r\000\355\000o\000d\000o}{}% 3
\BOOKMARK [1][-]{section.1.1}{\376\377\000G\000r\000a\000d\000u\000a\000\347\000\343\000o}{chapter.1}% 4
\BOOKMARK [1][-]{section.1.2}{\376\377\000P\000r\000o\000d\000u\000\347\000\365\000e\000s}{chapter.1}% 5
\BOOKMARK [1][-]{section.1.3}{\376\377\000P\000e\000s\000q\000u\000i\000s\000a}{chapter.1}% 6
\BOOKMARK [1][-]{section.1.4}{\376\377\000I\000n\000t\000r\000o\000d\000u\000\347\000\343\000o\000\040\000\340\000\040\000M\000a\000t\000r\000i\000z\000e\000s\000\040\000A\000l\000e\000a\000t\000\363\000r\000i\000a\000s}{chapter.1}% 7
\BOOKMARK [1][-]{section.1.5}{\376\377\000D\000i\000s\000t\000r\000i\000b\000u\000i\000\347\000\343\000o\000\040\000d\000o\000s\000\040\000A\000u\000t\000o\000v\000a\000l\000o\000r\000e\000s}{chapter.1}% 8
\BOOKMARK [1][-]{section.1.6}{\376\377\000E\000n\000s\000e\000m\000b\000l\000e\000s\000\040\000G\000a\000u\000s\000s\000i\000a\000n\000o\000s}{chapter.1}% 9
\BOOKMARK [1][-]{section.1.7}{\376\377\000A\000\040\000m\000e\000d\000i\000d\000a\000\040\000d\000e\000\040\000e\000q\000u\000i\000l\000\355\000b\000r\000i\000o}{chapter.1}% 10
\BOOKMARK [1][-]{section.1.8}{\376\377\000E\000x\000e\000m\000p\000l\000o\000s}{chapter.1}% 11
\BOOKMARK [2][-]{subsection.1.8.1}{\376\377\000P\000o\000t\000e\000n\000c\000i\000a\000l\000\040\000G\000a\000u\000s\000s\000i\000a\000n\000o}{section.1.8}% 12
\BOOKMARK [2][-]{subsection.1.8.2}{\376\377\000P\000o\000t\000e\000n\000c\000i\000a\000l\000\040\000M\000\364\000n\000i\000c\000o}{section.1.8}% 13
\BOOKMARK [2][-]{subsection.1.8.3}{\376\377\000P\000o\000t\000e\000n\000c\000i\000a\000l\000\040\000Q\000u\000\341\000r\000t\000i\000c\000o}{section.1.8}% 14
\BOOKMARK [1][-]{section.1.9}{\376\377\000S\000i\000m\000u\000l\000a\000\347\000\365\000e\000s\000\040\000d\000e\000\040\000G\000a\000s\000e\000s}{chapter.1}% 15
\BOOKMARK [2][-]{subsection.1.9.1}{\376\377\000O\000s\000\040\000t\000\355\000p\000i\000c\000o\000s}{section.1.9}% 16
\BOOKMARK [2][-]{subsection.1.9.2}{\376\377\000O\000\040\000H\000\355\000b\000r\000i\000d\000o\000\040\000d\000e\000\040\000M\000o\000n\000t\000e\000\040\000C\000a\000r\000l\000o}{section.1.9}% 17
\BOOKMARK [3][-]{subsubsection.1.9.2.1}{\376\377\000O\000\040\000a\000l\000g\000o\000r\000i\000t\000m\000o\000\040\000d\000i\000s\000c\000r\000e\000t\000o}{subsection.1.9.2}% 18
\BOOKMARK [2][-]{subsection.1.9.3}{\376\377\000D\000i\000s\000c\000u\000s\000s\000\343\000o}{section.1.9}% 19
\BOOKMARK [0][-]{chapter.2}{\376\377\000P\000l\000a\000n\000o\000\040\000d\000e\000\040\000a\000t\000i\000v\000i\000d\000a\000d\000e\000s}{}% 20
\BOOKMARK [1][-]{section.2.1}{\376\377\000A\000t\000i\000v\000i\000d\000a\000d\000e\000s\000\040\000D\000e\000s\000e\000n\000v\000o\000l\000v\000i\000d\000a\000s}{chapter.2}% 21
\BOOKMARK [1][-]{section.2.2}{\376\377\000C\000r\000o\000n\000o\000g\000r\000a\000m\000a}{chapter.2}% 22
\BOOKMARK [0][-]{chapter.3}{\376\377\000P\000a\000r\000t\000i\000c\000i\000p\000a\000\347\000\343\000o\000\040\000e\000m\000\040\000e\000v\000e\000n\000t\000o\000s\000\040\000c\000i\000e\000n\000t\000\355\000f\000i\000c\000o\000s}{}% 23
\BOOKMARK [0][-]{chapter.4}{\376\377\000O\000u\000t\000r\000o\000s\000\040\000t\000r\000a\000b\000a\000l\000h\000o\000s\000\040\000P\000r\000e\000p\000a\000r\000a\000d\000o\000s\000\040\000o\000u\000\040\000S\000u\000b\000m\000e\000t\000i\000d\000o\000s}{}% 24
\BOOKMARK [0][-]{chapter.4}{\376\377\000R\000e\000f\000e\000r\000\352\000n\000c\000i\000a\000s\000\040\000B\000i\000b\000l\000i\000o\000g\000r\000\341\000f\000i\000c\000a\000s}{}% 25
